<?xml version="1.0" encoding="UTF-8"?>
<coverage generated="1770732921984" clover="3.2.0">
  <project timestamp="1770732921984" name="All files">
    <metrics statements="345" coveredstatements="307" conditionals="123" coveredconditionals="87" methods="156" coveredmethods="136" elements="624" coveredelements="530" complexity="0" loc="345" ncloc="345" packages="5" files="18" classes="18"/>
    <package name="server.src">
      <metrics statements="4" coveredstatements="4" conditionals="0" coveredconditionals="0" methods="2" coveredmethods="2"/>
      <file name="server.ts" path="/Users/transforme03/Desktop/cedric/todo-list/vite-project/server/src/server.ts">
        <metrics statements="4" coveredstatements="4" conditionals="0" coveredconditionals="0" methods="2" coveredmethods="2"/>
        <line num="5" count="1" type="stmt"/>
        <line num="6" count="1" type="stmt"/>
        <line num="7" count="1" type="stmt"/>
        <line num="9" count="1" type="stmt"/>
      </file>
    </package>
    <package name="src">
      <metrics statements="41" coveredstatements="30" conditionals="28" coveredconditionals="22" methods="11" coveredmethods="8"/>
      <file name="App.tsx" path="/Users/transforme03/Desktop/cedric/todo-list/vite-project/src/App.tsx">
        <metrics statements="41" coveredstatements="30" conditionals="28" coveredconditionals="22" methods="11" coveredmethods="8"/>
        <line num="25" count="1" type="stmt"/>
        <line num="27" count="14" type="stmt"/>
        <line num="29" count="14" type="stmt"/>
        <line num="31" count="14" type="stmt"/>
        <line num="42" count="14" type="stmt"/>
        <line num="44" count="14" type="stmt"/>
        <line num="46" count="14" type="stmt"/>
        <line num="51" count="14" type="stmt"/>
        <line num="53" count="14" type="stmt"/>
        <line num="55" count="14" type="stmt"/>
        <line num="56" count="0" type="stmt"/>
        <line num="59" count="14" type="stmt"/>
        <line num="60" count="6" type="stmt"/>
        <line num="61" count="6" type="cond" truecount="1" falsecount="1"/>
        <line num="64" count="14" type="stmt"/>
        <line num="65" count="0" type="stmt"/>
        <line num="66" count="0" type="cond" truecount="0" falsecount="2"/>
        <line num="67" count="0" type="stmt"/>
        <line num="79" count="0" type="stmt"/>
        <line num="80" count="0" type="stmt"/>
        <line num="81" count="0" type="stmt"/>
        <line num="88" count="0" type="stmt"/>
        <line num="90" count="0" type="stmt"/>
        <line num="92" count="0" type="stmt"/>
        <line num="102" count="0" type="stmt"/>
        <line num="105" count="14" type="stmt"/>
        <line num="106" count="8" type="stmt"/>
        <line num="107" count="8" type="stmt"/>
        <line num="108" count="8" type="stmt"/>
        <line num="109" count="7" type="cond" truecount="1" falsecount="1"/>
        <line num="111" count="7" type="stmt"/>
        <line num="112" count="7" type="stmt"/>
        <line num="114" count="1" type="stmt"/>
        <line num="115" count="1" type="stmt"/>
        <line num="120" count="8" type="stmt"/>
        <line num="126" count="8" type="stmt"/>
        <line num="129" count="14" type="cond" truecount="2" falsecount="0"/>
        <line num="130" count="8" type="cond" truecount="2" falsecount="0"/>
        <line num="136" count="7" type="stmt"/>
        <line num="146" count="1" type="cond" truecount="1" falsecount="1"/>
        <line num="161" count="1" type="cond" truecount="1" falsecount="1"/>
      </file>
    </package>
    <package name="src.components">
      <metrics statements="158" coveredstatements="140" conditionals="49" coveredconditionals="32" methods="80" coveredmethods="64"/>
      <file name="CreateInputCheckbox.tsx" path="/Users/transforme03/Desktop/cedric/todo-list/vite-project/src/components/CreateInputCheckbox.tsx">
        <metrics statements="12" coveredstatements="12" conditionals="4" coveredconditionals="4" methods="11" coveredmethods="10"/>
        <line num="9" count="1" type="stmt"/>
        <line num="23" count="13" type="stmt"/>
        <line num="24" count="1" type="stmt"/>
        <line num="29" count="13" type="stmt"/>
        <line num="30" count="1" type="stmt"/>
        <line num="35" count="13" type="stmt"/>
        <line num="37" count="1" type="stmt"/>
        <line num="109" count="2" type="stmt"/>
        <line num="117" count="1" type="stmt"/>
        <line num="125" count="1" type="stmt"/>
        <line num="133" count="1" type="stmt"/>
        <line num="141" count="1" type="stmt"/>
      </file>
      <file name="FetchFromCSV.tsx" path="/Users/transforme03/Desktop/cedric/todo-list/vite-project/src/components/FetchFromCSV.tsx">
        <metrics statements="31" coveredstatements="29" conditionals="10" coveredconditionals="9" methods="9" coveredmethods="9"/>
        <line num="7" count="1" type="stmt"/>
        <line num="9" count="9" type="stmt"/>
        <line num="10" count="9" type="stmt"/>
        <line num="11" count="9" type="stmt"/>
        <line num="13" count="9" type="stmt"/>
        <line num="14" count="5" type="stmt"/>
        <line num="15" count="5" type="stmt"/>
        <line num="16" count="5" type="stmt"/>
        <line num="17" count="4" type="cond" truecount="2" falsecount="0"/>
        <line num="19" count="3" type="stmt"/>
        <line num="20" count="3" type="stmt"/>
        <line num="22" count="2" type="stmt"/>
        <line num="23" count="2" type="stmt"/>
        <line num="25" count="5" type="stmt"/>
        <line num="28" count="5" type="stmt"/>
        <line num="29" count="5" type="stmt"/>
        <line num="32" count="9" type="stmt"/>
        <line num="33" count="1" type="stmt"/>
        <line num="34" count="1" type="stmt"/>
        <line num="35" count="1" type="stmt"/>
        <line num="39" count="0" type="stmt"/>
        <line num="43" count="9" type="stmt"/>
        <line num="44" count="1" type="stmt"/>
        <line num="45" count="1" type="cond" truecount="1" falsecount="1"/>
        <line num="46" count="1" type="stmt"/>
        <line num="48" count="0" type="stmt"/>
        <line num="52" count="9" type="cond" truecount="2" falsecount="0"/>
        <line num="53" count="4" type="cond" truecount="2" falsecount="0"/>
        <line num="55" count="3" type="stmt"/>
        <line num="72" count="2" type="stmt"/>
        <line num="84" count="1" type="stmt"/>
      </file>
      <file name="TableCalendar.tsx" path="/Users/transforme03/Desktop/cedric/todo-list/vite-project/src/components/TableCalendar.tsx">
        <metrics statements="42" coveredstatements="35" conditionals="15" coveredconditionals="9" methods="15" coveredmethods="9"/>
        <line num="19" count="1" type="stmt"/>
        <line num="21" count="3" type="stmt"/>
        <line num="22" count="3" type="stmt"/>
        <line num="24" count="3" type="stmt"/>
        <line num="26" count="3" type="stmt"/>
        <line num="27" count="3" type="stmt"/>
        <line num="30" count="3" type="stmt"/>
        <line num="32" count="3" type="cond" truecount="2" falsecount="0"/>
        <line num="33" count="2" type="stmt"/>
        <line num="36" count="1" type="stmt"/>
        <line num="37" count="1" type="stmt"/>
        <line num="40" count="1" type="stmt"/>
        <line num="41" count="1" type="stmt"/>
        <line num="42" count="1" type="stmt"/>
        <line num="44" count="1" type="cond" truecount="1" falsecount="1"/>
        <line num="45" count="1" type="stmt"/>
        <line num="48" count="1" type="stmt"/>
        <line num="49" count="1" type="stmt"/>
        <line num="53" count="1" type="stmt"/>
        <line num="54" count="1" type="stmt"/>
        <line num="56" count="1" type="cond" truecount="1" falsecount="0"/>
        <line num="57" count="1" type="cond" truecount="1" falsecount="1"/>
        <line num="58" count="1" type="cond" truecount="1" falsecount="1"/>
        <line num="61" count="1" type="stmt"/>
        <line num="62" count="0" type="stmt"/>
        <line num="65" count="1" type="stmt"/>
        <line num="66" count="0" type="cond" truecount="0" falsecount="2"/>
        <line num="70" count="0" type="stmt"/>
        <line num="71" count="0" type="stmt"/>
        <line num="74" count="1" type="stmt"/>
        <line num="80" count="7" type="stmt"/>
        <line num="90" count="1" type="stmt"/>
        <line num="91" count="1" type="stmt"/>
        <line num="93" count="1" type="stmt"/>
        <line num="94" count="1" type="stmt"/>
        <line num="96" count="1" type="stmt"/>
        <line num="106" count="7" type="stmt"/>
        <line num="108" count="7" type="stmt"/>
        <line num="115" count="1" type="stmt"/>
        <line num="125" count="0" type="stmt"/>
        <line num="126" count="0" type="stmt"/>
        <line num="150" count="0" type="stmt"/>
      </file>
      <file name="TableOfTodos.tsx" path="/Users/transforme03/Desktop/cedric/todo-list/vite-project/src/components/TableOfTodos.tsx">
        <metrics statements="2" coveredstatements="2" conditionals="0" coveredconditionals="0" methods="1" coveredmethods="1"/>
        <line num="4" count="1" type="stmt"/>
        <line num="5" count="1" type="stmt"/>
      </file>
      <file name="TodoPerDay.tsx" path="/Users/transforme03/Desktop/cedric/todo-list/vite-project/src/components/TodoPerDay.tsx">
        <metrics statements="67" coveredstatements="59" conditionals="20" coveredconditionals="10" methods="41" coveredmethods="33"/>
        <line num="36" count="2" type="stmt"/>
        <line num="38" count="15" type="stmt"/>
        <line num="47" count="15" type="stmt"/>
        <line num="58" count="15" type="stmt"/>
        <line num="60" count="15" type="stmt"/>
        <line num="63" count="15" type="stmt"/>
        <line num="69" count="15" type="stmt"/>
        <line num="72" count="15" type="stmt"/>
        <line num="81" count="15" type="stmt"/>
        <line num="82" count="7" type="stmt"/>
        <line num="86" count="42" type="cond" truecount="1" falsecount="1"/>
        <line num="87" count="0" type="stmt"/>
        <line num="95" count="15" type="stmt"/>
        <line num="97" count="1" type="stmt"/>
        <line num="101" count="15" type="stmt"/>
        <line num="102" count="6" type="stmt"/>
        <line num="106" count="15" type="stmt"/>
        <line num="107" count="6" type="stmt"/>
        <line num="112" count="15" type="stmt"/>
        <line num="113" count="0" type="stmt"/>
        <line num="114" count="0" type="stmt"/>
        <line num="121" count="15" type="stmt"/>
        <line num="122" count="0" type="stmt"/>
        <line num="129" count="15" type="stmt"/>
        <line num="130" count="1" type="stmt"/>
        <line num="134" count="15" type="stmt"/>
        <line num="136" count="1" type="stmt"/>
        <line num="140" count="15" type="stmt"/>
        <line num="142" count="1" type="stmt"/>
        <line num="146" count="15" type="stmt"/>
        <line num="148" count="1" type="stmt"/>
        <line num="152" count="15" type="stmt"/>
        <line num="154" count="1" type="stmt"/>
        <line num="158" count="15" type="stmt"/>
        <line num="160" count="1" type="stmt"/>
        <line num="164" count="15" type="stmt"/>
        <line num="166" count="1" type="stmt"/>
        <line num="170" count="15" type="stmt"/>
        <line num="171" count="1" type="cond" truecount="0" falsecount="2"/>
        <line num="181" count="1" type="stmt"/>
        <line num="189" count="1" type="stmt"/>
        <line num="193" count="15" type="stmt"/>
        <line num="194" count="1" type="cond" truecount="1" falsecount="1"/>
        <line num="195" count="1" type="stmt"/>
        <line num="196" count="1" type="cond" truecount="1" falsecount="1"/>
        <line num="197" count="1" type="stmt"/>
        <line num="198" count="1" type="stmt"/>
        <line num="206" count="0" type="stmt"/>
        <line num="208" count="1" type="stmt"/>
        <line num="209" count="1" type="stmt"/>
        <line num="213" count="0" type="stmt"/>
        <line num="215" count="1" type="stmt"/>
        <line num="218" count="15" type="stmt"/>
        <line num="237" count="1" type="stmt"/>
        <line num="239" count="1" type="stmt"/>
        <line num="247" count="1" type="stmt"/>
        <line num="249" count="1" type="stmt"/>
        <line num="261" count="1" type="stmt"/>
        <line num="275" count="1" type="stmt"/>
        <line num="290" count="1" type="stmt"/>
        <line num="307" count="0" type="stmt"/>
        <line num="312" count="1" type="stmt"/>
        <line num="326" count="1" type="stmt"/>
        <line num="340" count="1" type="stmt"/>
        <line num="358" count="0" type="stmt"/>
        <line num="372" count="1" type="stmt"/>
        <line num="381" count="1" type="stmt"/>
      </file>
      <file name="TodosList.tsx" path="/Users/transforme03/Desktop/cedric/todo-list/vite-project/src/components/TodosList.tsx">
        <metrics statements="4" coveredstatements="3" conditionals="0" coveredconditionals="0" methods="3" coveredmethods="2"/>
        <line num="6" count="1" type="stmt"/>
        <line num="8" count="1" type="stmt"/>
        <line num="13" count="1" type="stmt"/>
        <line num="16" count="0" type="stmt"/>
      </file>
    </package>
    <package name="src.components.subcomponents">
      <metrics statements="14" coveredstatements="14" conditionals="15" coveredconditionals="10" methods="7" coveredmethods="7"/>
      <file name="CheckDay.tsx" path="/Users/transforme03/Desktop/cedric/todo-list/vite-project/src/components/subcomponents/CheckDay.tsx">
        <metrics statements="2" coveredstatements="2" conditionals="2" coveredconditionals="2" methods="1" coveredmethods="1"/>
        <line num="5" count="3" type="stmt"/>
        <line num="12" count="18" type="stmt"/>
      </file>
      <file name="CheckboxComp.tsx" path="/Users/transforme03/Desktop/cedric/todo-list/vite-project/src/components/subcomponents/CheckboxComp.tsx">
        <metrics statements="3" coveredstatements="3" conditionals="0" coveredconditionals="0" methods="2" coveredmethods="2"/>
        <line num="5" count="2" type="stmt"/>
        <line num="6" count="68" type="stmt"/>
        <line num="12" count="7" type="stmt"/>
      </file>
      <file name="DateCalendar.tsx" path="/Users/transforme03/Desktop/cedric/todo-list/vite-project/src/components/subcomponents/DateCalendar.tsx">
        <metrics statements="3" coveredstatements="3" conditionals="0" coveredconditionals="0" methods="1" coveredmethods="1"/>
        <line num="8" count="2" type="stmt"/>
        <line num="10" count="9" type="stmt"/>
        <line num="14" count="9" type="stmt"/>
      </file>
      <file name="EditableFields.tsx" path="/Users/transforme03/Desktop/cedric/todo-list/vite-project/src/components/subcomponents/EditableFields.tsx">
        <metrics statements="2" coveredstatements="2" conditionals="11" coveredconditionals="6" methods="1" coveredmethods="1"/>
        <line num="7" count="3" type="stmt"/>
        <line num="23" count="91" type="stmt"/>
      </file>
      <file name="InputComp.tsx" path="/Users/transforme03/Desktop/cedric/todo-list/vite-project/src/components/subcomponents/InputComp.tsx">
        <metrics statements="2" coveredstatements="2" conditionals="0" coveredconditionals="0" methods="1" coveredmethods="1"/>
        <line num="5" count="2" type="stmt"/>
        <line num="14" count="92" type="stmt"/>
      </file>
      <file name="PriorityTodo.tsx" path="/Users/transforme03/Desktop/cedric/todo-list/vite-project/src/components/subcomponents/PriorityTodo.tsx">
        <metrics statements="2" coveredstatements="2" conditionals="2" coveredconditionals="2" methods="1" coveredmethods="1"/>
        <line num="5" count="3" type="stmt"/>
        <line num="12" count="18" type="stmt"/>
      </file>
    </package>
    <package name="src.utils">
      <metrics statements="128" coveredstatements="119" conditionals="31" coveredconditionals="23" methods="56" coveredmethods="55"/>
      <file name="apiFunctions.ts" path="/Users/transforme03/Desktop/cedric/todo-list/vite-project/src/utils/apiFunctions.ts">
        <metrics statements="36" coveredstatements="27" conditionals="0" coveredconditionals="0" methods="9" coveredmethods="9"/>
        <line num="4" count="4" type="stmt"/>
        <line num="5" count="1" type="stmt"/>
        <line num="6" count="1" type="stmt"/>
        <line num="14" count="0" type="stmt"/>
        <line num="19" count="4" type="stmt"/>
        <line num="20" count="1" type="stmt"/>
        <line num="21" count="1" type="stmt"/>
        <line num="29" count="0" type="stmt"/>
        <line num="34" count="4" type="stmt"/>
        <line num="35" count="1" type="stmt"/>
        <line num="36" count="1" type="stmt"/>
        <line num="44" count="0" type="stmt"/>
        <line num="49" count="4" type="stmt"/>
        <line num="50" count="1" type="stmt"/>
        <line num="51" count="1" type="stmt"/>
        <line num="59" count="0" type="stmt"/>
        <line num="64" count="4" type="stmt"/>
        <line num="65" count="1" type="stmt"/>
        <line num="66" count="1" type="stmt"/>
        <line num="74" count="0" type="stmt"/>
        <line num="79" count="4" type="stmt"/>
        <line num="80" count="1" type="stmt"/>
        <line num="81" count="1" type="stmt"/>
        <line num="89" count="0" type="stmt"/>
        <line num="94" count="4" type="stmt"/>
        <line num="95" count="1" type="stmt"/>
        <line num="96" count="1" type="stmt"/>
        <line num="104" count="0" type="stmt"/>
        <line num="109" count="4" type="stmt"/>
        <line num="110" count="1" type="stmt"/>
        <line num="111" count="1" type="stmt"/>
        <line num="119" count="0" type="stmt"/>
        <line num="124" count="4" type="stmt"/>
        <line num="125" count="1" type="stmt"/>
        <line num="126" count="1" type="stmt"/>
        <line num="134" count="0" type="stmt"/>
      </file>
      <file name="dateUtils.ts" path="/Users/transforme03/Desktop/cedric/todo-list/vite-project/src/utils/dateUtils.ts">
        <metrics statements="19" coveredstatements="19" conditionals="3" coveredconditionals="3" methods="5" coveredmethods="5"/>
        <line num="1" count="1" type="stmt"/>
        <line num="2" count="1" type="stmt"/>
        <line num="3" count="1" type="stmt"/>
        <line num="4" count="1" type="stmt"/>
        <line num="7" count="1" type="stmt"/>
        <line num="8" count="1" type="stmt"/>
        <line num="9" count="1" type="stmt"/>
        <line num="11" count="1" type="stmt"/>
        <line num="12" count="1" type="stmt"/>
        <line num="14" count="1" type="stmt"/>
        <line num="21" count="1" type="stmt"/>
        <line num="22" count="1" type="stmt"/>
        <line num="23" count="1" type="stmt"/>
        <line num="25" count="1" type="stmt"/>
        <line num="26" count="5" type="stmt"/>
        <line num="27" count="5" type="stmt"/>
        <line num="28" count="5" type="stmt"/>
        <line num="32" count="1" type="stmt"/>
        <line num="33" count="2" type="stmt"/>
      </file>
      <file name="fonctions.ts" path="/Users/transforme03/Desktop/cedric/todo-list/vite-project/src/utils/fonctions.ts">
        <metrics statements="33" coveredstatements="33" conditionals="12" coveredconditionals="12" methods="10" coveredmethods="10"/>
        <line num="5" count="4" type="stmt"/>
        <line num="12" count="4" type="stmt"/>
        <line num="20" count="4" type="stmt"/>
        <line num="21" count="4" type="stmt"/>
        <line num="23" count="4" type="stmt"/>
        <line num="24" count="4" type="stmt"/>
        <line num="26" count="4" type="stmt"/>
        <line num="29" count="4" type="stmt"/>
        <line num="30" count="6" type="stmt"/>
        <line num="32" count="7" type="cond" truecount="4" falsecount="0"/>
        <line num="33" count="1" type="stmt"/>
        <line num="38" count="6" type="stmt"/>
        <line num="40" count="6" type="cond" truecount="2" falsecount="0"/>
        <line num="41" count="2" type="stmt"/>
        <line num="46" count="4" type="stmt"/>
        <line num="48" count="4" type="cond" truecount="2" falsecount="0"/>
        <line num="49" count="2" type="stmt"/>
        <line num="53" count="2" type="stmt"/>
        <line num="54" count="2" type="stmt"/>
        <line num="56" count="2" type="stmt"/>
        <line num="61" count="4" type="stmt"/>
        <line num="62" count="7" type="stmt"/>
        <line num="64" count="7" type="stmt"/>
        <line num="67" count="6" type="stmt"/>
        <line num="72" count="4" type="stmt"/>
        <line num="76" count="10" type="cond" truecount="4" falsecount="0"/>
        <line num="78" count="6" type="stmt"/>
        <line num="82" count="6" type="stmt"/>
        <line num="84" count="1" type="stmt"/>
        <line num="88" count="1" type="stmt"/>
        <line num="90" count="1" type="stmt"/>
        <line num="94" count="1" type="stmt"/>
        <line num="96" count="2" type="stmt"/>
      </file>
      <file name="todoFunctions.ts" path="/Users/transforme03/Desktop/cedric/todo-list/vite-project/src/utils/todoFunctions.ts">
        <metrics statements="40" coveredstatements="40" conditionals="16" coveredconditionals="8" methods="32" coveredmethods="31"/>
        <line num="20" count="3" type="stmt"/>
        <line num="26" count="1" type="stmt"/>
        <line num="27" count="1" type="cond" truecount="1" falsecount="1"/>
        <line num="31" count="1" type="stmt"/>
        <line num="32" count="1" type="stmt"/>
        <line num="38" count="3" type="stmt"/>
        <line num="44" count="1" type="stmt"/>
        <line num="45" count="1" type="cond" truecount="1" falsecount="1"/>
        <line num="50" count="1" type="stmt"/>
        <line num="52" count="1" type="stmt"/>
        <line num="56" count="3" type="stmt"/>
        <line num="62" count="1" type="stmt"/>
        <line num="63" count="1" type="cond" truecount="1" falsecount="1"/>
        <line num="67" count="1" type="stmt"/>
        <line num="69" count="1" type="stmt"/>
        <line num="75" count="3" type="stmt"/>
        <line num="81" count="1" type="stmt"/>
        <line num="82" count="1" type="cond" truecount="1" falsecount="1"/>
        <line num="86" count="1" type="stmt"/>
        <line num="88" count="1" type="stmt"/>
        <line num="94" count="3" type="stmt"/>
        <line num="100" count="1" type="stmt"/>
        <line num="101" count="1" type="cond" truecount="1" falsecount="1"/>
        <line num="105" count="1" type="stmt"/>
        <line num="107" count="1" type="stmt"/>
        <line num="113" count="3" type="stmt"/>
        <line num="119" count="1" type="stmt"/>
        <line num="120" count="1" type="cond" truecount="1" falsecount="1"/>
        <line num="124" count="1" type="stmt"/>
        <line num="126" count="1" type="stmt"/>
        <line num="132" count="3" type="stmt"/>
        <line num="138" count="1" type="stmt"/>
        <line num="139" count="1" type="cond" truecount="1" falsecount="1"/>
        <line num="143" count="1" type="stmt"/>
        <line num="145" count="1" type="stmt"/>
        <line num="151" count="3" type="stmt"/>
        <line num="157" count="1" type="stmt"/>
        <line num="158" count="1" type="cond" truecount="1" falsecount="1"/>
        <line num="162" count="1" type="stmt"/>
        <line num="164" count="1" type="stmt"/>
      </file>
    </package>
  </project>
</coverage>
