<?xml version="1.0" encoding="UTF-8"?>
<coverage generated="1771355720642" clover="3.2.0">
  <project timestamp="1771355720642" name="All files">
    <metrics statements="363" coveredstatements="359" conditionals="123" coveredconditionals="119" methods="162" coveredmethods="155" elements="648" coveredelements="633" complexity="0" loc="363" ncloc="363" packages="6" files="19" classes="19"/>
    <package name="server.src">
      <metrics statements="4" coveredstatements="4" conditionals="0" coveredconditionals="0" methods="2" coveredmethods="2"/>
      <file name="server.ts" path="/home/estebancat/Documents/virtual/best-todo/todo-list/vite-project/server/src/server.ts">
        <metrics statements="4" coveredstatements="4" conditionals="0" coveredconditionals="0" methods="2" coveredmethods="2"/>
        <line num="5" count="1" type="stmt"/>
        <line num="6" count="1" type="stmt"/>
        <line num="7" count="1" type="stmt"/>
        <line num="9" count="1" type="stmt"/>
      </file>
    </package>
    <package name="src">
      <metrics statements="41" coveredstatements="41" conditionals="28" coveredconditionals="28" methods="11" coveredmethods="11"/>
      <file name="App.tsx" path="/home/estebancat/Documents/virtual/best-todo/todo-list/vite-project/src/App.tsx">
        <metrics statements="41" coveredstatements="41" conditionals="28" coveredconditionals="28" methods="11" coveredmethods="11"/>
        <line num="25" count="2" type="stmt"/>
        <line num="27" count="50" type="stmt"/>
        <line num="29" count="50" type="stmt"/>
        <line num="31" count="50" type="stmt"/>
        <line num="42" count="50" type="stmt"/>
        <line num="44" count="50" type="stmt"/>
        <line num="46" count="50" type="stmt"/>
        <line num="51" count="50" type="stmt"/>
        <line num="53" count="50" type="stmt"/>
        <line num="55" count="50" type="stmt"/>
        <line num="56" count="2" type="stmt"/>
        <line num="59" count="50" type="stmt"/>
        <line num="60" count="16" type="stmt"/>
        <line num="61" count="16" type="cond" truecount="2" falsecount="0"/>
        <line num="64" count="50" type="stmt"/>
        <line num="65" count="3" type="stmt"/>
        <line num="66" count="3" type="cond" truecount="2" falsecount="0"/>
        <line num="67" count="2" type="stmt"/>
        <line num="79" count="2" type="stmt"/>
        <line num="80" count="2" type="stmt"/>
        <line num="81" count="2" type="stmt"/>
        <line num="88" count="1" type="stmt"/>
        <line num="90" count="1" type="stmt"/>
        <line num="92" count="2" type="stmt"/>
        <line num="102" count="2" type="stmt"/>
        <line num="105" count="50" type="stmt"/>
        <line num="106" count="23" type="stmt"/>
        <line num="107" count="23" type="stmt"/>
        <line num="108" count="23" type="stmt"/>
        <line num="109" count="22" type="cond" truecount="2" falsecount="0"/>
        <line num="111" count="21" type="stmt"/>
        <line num="112" count="21" type="stmt"/>
        <line num="114" count="2" type="stmt"/>
        <line num="115" count="2" type="stmt"/>
        <line num="120" count="23" type="stmt"/>
        <line num="126" count="23" type="stmt"/>
        <line num="129" count="50" type="cond" truecount="2" falsecount="0"/>
        <line num="130" count="34" type="cond" truecount="2" falsecount="0"/>
        <line num="136" count="32" type="stmt"/>
        <line num="146" count="4" type="cond" truecount="2" falsecount="0"/>
        <line num="161" count="3" type="cond" truecount="2" falsecount="0"/>
      </file>
    </package>
    <package name="src.components">
      <metrics statements="158" coveredstatements="154" conditionals="49" coveredconditionals="45" methods="80" coveredmethods="73"/>
      <file name="CreateInputCheckbox.tsx" path="/home/estebancat/Documents/virtual/best-todo/todo-list/vite-project/src/components/CreateInputCheckbox.tsx">
        <metrics statements="12" coveredstatements="12" conditionals="4" coveredconditionals="4" methods="11" coveredmethods="10"/>
        <line num="9" count="1" type="stmt"/>
        <line num="23" count="15" type="stmt"/>
        <line num="24" count="1" type="stmt"/>
        <line num="29" count="15" type="stmt"/>
        <line num="30" count="1" type="stmt"/>
        <line num="35" count="15" type="stmt"/>
        <line num="38" count="1" type="stmt"/>
        <line num="110" count="2" type="stmt"/>
        <line num="118" count="3" type="stmt"/>
        <line num="126" count="1" type="stmt"/>
        <line num="134" count="1" type="stmt"/>
        <line num="142" count="1" type="stmt"/>
      </file>
      <file name="FetchFromCSV.tsx" path="/home/estebancat/Documents/virtual/best-todo/todo-list/vite-project/src/components/FetchFromCSV.tsx">
        <metrics statements="31" coveredstatements="31" conditionals="10" coveredconditionals="10" methods="9" coveredmethods="9"/>
        <line num="7" count="1" type="stmt"/>
        <line num="9" count="17" type="stmt"/>
        <line num="10" count="17" type="stmt"/>
        <line num="11" count="17" type="stmt"/>
        <line num="13" count="17" type="stmt"/>
        <line num="14" count="9" type="stmt"/>
        <line num="15" count="9" type="stmt"/>
        <line num="16" count="9" type="stmt"/>
        <line num="17" count="8" type="cond" truecount="2" falsecount="0"/>
        <line num="19" count="6" type="stmt"/>
        <line num="20" count="6" type="stmt"/>
        <line num="22" count="3" type="stmt"/>
        <line num="23" count="3" type="stmt"/>
        <line num="25" count="9" type="stmt"/>
        <line num="28" count="9" type="stmt"/>
        <line num="29" count="9" type="stmt"/>
        <line num="32" count="17" type="stmt"/>
        <line num="33" count="2" type="stmt"/>
        <line num="34" count="2" type="stmt"/>
        <line num="35" count="2" type="stmt"/>
        <line num="39" count="1" type="stmt"/>
        <line num="43" count="17" type="stmt"/>
        <line num="44" count="3" type="stmt"/>
        <line num="45" count="3" type="cond" truecount="2" falsecount="0"/>
        <line num="46" count="2" type="stmt"/>
        <line num="48" count="1" type="stmt"/>
        <line num="52" count="17" type="cond" truecount="2" falsecount="0"/>
        <line num="53" count="8" type="cond" truecount="2" falsecount="0"/>
        <line num="55" count="7" type="stmt"/>
        <line num="72" count="4" type="stmt"/>
        <line num="85" count="3" type="stmt"/>
      </file>
      <file name="TableCalendar.tsx" path="/home/estebancat/Documents/virtual/best-todo/todo-list/vite-project/src/components/TableCalendar.tsx">
        <metrics statements="42" coveredstatements="42" conditionals="15" coveredconditionals="15" methods="15" coveredmethods="15"/>
        <line num="19" count="1" type="stmt"/>
        <line num="21" count="58" type="stmt"/>
        <line num="22" count="58" type="stmt"/>
        <line num="24" count="58" type="stmt"/>
        <line num="26" count="58" type="stmt"/>
        <line num="27" count="14" type="stmt"/>
        <line num="30" count="58" type="stmt"/>
        <line num="32" count="58" type="cond" truecount="2" falsecount="0"/>
        <line num="33" count="3" type="stmt"/>
        <line num="36" count="55" type="stmt"/>
        <line num="37" count="55" type="stmt"/>
        <line num="40" count="55" type="stmt"/>
        <line num="41" count="78" type="stmt"/>
        <line num="42" count="78" type="stmt"/>
        <line num="44" count="78" type="cond" truecount="2" falsecount="0"/>
        <line num="45" count="56" type="stmt"/>
        <line num="48" count="78" type="stmt"/>
        <line num="49" count="78" type="stmt"/>
        <line num="53" count="55" type="stmt"/>
        <line num="54" count="55" type="stmt"/>
        <line num="56" count="55" type="cond" truecount="1" falsecount="0"/>
        <line num="57" count="37" type="cond" truecount="2" falsecount="0"/>
        <line num="58" count="36" type="cond" truecount="2" falsecount="0"/>
        <line num="61" count="55" type="stmt"/>
        <line num="62" count="35" type="stmt"/>
        <line num="65" count="55" type="stmt"/>
        <line num="66" count="3" type="cond" truecount="2" falsecount="0"/>
        <line num="70" count="3" type="stmt"/>
        <line num="71" count="3" type="stmt"/>
        <line num="74" count="55" type="stmt"/>
        <line num="80" count="55" type="stmt"/>
        <line num="90" count="56" type="stmt"/>
        <line num="91" count="56" type="stmt"/>
        <line num="93" count="56" type="stmt"/>
        <line num="94" count="56" type="stmt"/>
        <line num="96" count="56" type="stmt"/>
        <line num="106" count="56" type="stmt"/>
        <line num="108" count="78" type="stmt"/>
        <line num="115" count="78" type="stmt"/>
        <line num="125" count="3" type="stmt"/>
        <line num="126" count="3" type="stmt"/>
        <line num="150" count="3" type="stmt"/>
      </file>
      <file name="TableOfTodos.tsx" path="/home/estebancat/Documents/virtual/best-todo/todo-list/vite-project/src/components/TableOfTodos.tsx">
        <metrics statements="2" coveredstatements="2" conditionals="0" coveredconditionals="0" methods="1" coveredmethods="1"/>
        <line num="4" count="1" type="stmt"/>
        <line num="5" count="1" type="stmt"/>
      </file>
      <file name="TodoPerDay.tsx" path="/home/estebancat/Documents/virtual/best-todo/todo-list/vite-project/src/components/TodoPerDay.tsx">
        <metrics statements="67" coveredstatements="63" conditionals="20" coveredconditionals="16" methods="41" coveredmethods="35"/>
        <line num="36" count="1" type="stmt"/>
        <line num="38" count="28" type="stmt"/>
        <line num="47" count="28" type="stmt"/>
        <line num="58" count="28" type="stmt"/>
        <line num="60" count="28" type="stmt"/>
        <line num="63" count="28" type="stmt"/>
        <line num="69" count="28" type="stmt"/>
        <line num="72" count="28" type="stmt"/>
        <line num="81" count="28" type="stmt"/>
        <line num="82" count="22" type="stmt"/>
        <line num="86" count="132" type="cond" truecount="1" falsecount="1"/>
        <line num="87" count="0" type="stmt"/>
        <line num="95" count="28" type="stmt"/>
        <line num="97" count="2" type="stmt"/>
        <line num="101" count="28" type="stmt"/>
        <line num="102" count="20" type="stmt"/>
        <line num="106" count="28" type="stmt"/>
        <line num="107" count="20" type="stmt"/>
        <line num="112" count="28" type="stmt"/>
        <line num="113" count="0" type="stmt"/>
        <line num="114" count="0" type="stmt"/>
        <line num="121" count="28" type="stmt"/>
        <line num="122" count="0" type="stmt"/>
        <line num="129" count="28" type="stmt"/>
        <line num="130" count="1" type="stmt"/>
        <line num="134" count="28" type="stmt"/>
        <line num="136" count="3" type="stmt"/>
        <line num="140" count="28" type="stmt"/>
        <line num="142" count="1" type="stmt"/>
        <line num="146" count="28" type="stmt"/>
        <line num="148" count="1" type="stmt"/>
        <line num="152" count="28" type="stmt"/>
        <line num="154" count="1" type="stmt"/>
        <line num="158" count="28" type="stmt"/>
        <line num="160" count="1" type="stmt"/>
        <line num="164" count="28" type="stmt"/>
        <line num="166" count="1" type="stmt"/>
        <line num="170" count="28" type="stmt"/>
        <line num="171" count="2" type="cond" truecount="0" falsecount="2"/>
        <line num="181" count="2" type="stmt"/>
        <line num="189" count="2" type="stmt"/>
        <line num="193" count="28" type="stmt"/>
        <line num="194" count="4" type="cond" truecount="1" falsecount="1"/>
        <line num="195" count="4" type="stmt"/>
        <line num="196" count="4" type="cond" truecount="2" falsecount="0"/>
        <line num="197" count="3" type="stmt"/>
        <line num="198" count="3" type="stmt"/>
        <line num="206" count="1" type="stmt"/>
        <line num="208" count="3" type="stmt"/>
        <line num="209" count="3" type="stmt"/>
        <line num="213" count="1" type="stmt"/>
        <line num="215" count="3" type="stmt"/>
        <line num="218" count="28" type="stmt"/>
        <line num="232" count="1" type="stmt"/>
        <line num="233" count="1" type="stmt"/>
        <line num="241" count="2" type="stmt"/>
        <line num="243" count="2" type="stmt"/>
        <line num="255" count="3" type="stmt"/>
        <line num="269" count="1" type="stmt"/>
        <line num="284" count="1" type="stmt"/>
        <line num="301" count="1" type="stmt"/>
        <line num="306" count="1" type="stmt"/>
        <line num="320" count="1" type="stmt"/>
        <line num="334" count="1" type="stmt"/>
        <line num="352" count="2" type="stmt"/>
        <line num="367" count="2" type="stmt"/>
        <line num="377" count="4" type="stmt"/>
      </file>
      <file name="TodosList.tsx" path="/home/estebancat/Documents/virtual/best-todo/todo-list/vite-project/src/components/TodosList.tsx">
        <metrics statements="4" coveredstatements="4" conditionals="0" coveredconditionals="0" methods="3" coveredmethods="3"/>
        <line num="6" count="1" type="stmt"/>
        <line num="8" count="2" type="stmt"/>
        <line num="13" count="2" type="stmt"/>
        <line num="16" count="3" type="stmt"/>
      </file>
    </package>
    <package name="src.components.subcomponents">
      <metrics statements="14" coveredstatements="14" conditionals="15" coveredconditionals="15" methods="7" coveredmethods="7"/>
      <file name="CheckDay.tsx" path="/home/estebancat/Documents/virtual/best-todo/todo-list/vite-project/src/components/subcomponents/CheckDay.tsx">
        <metrics statements="2" coveredstatements="2" conditionals="2" coveredconditionals="2" methods="1" coveredmethods="1"/>
        <line num="5" count="2" type="stmt"/>
        <line num="12" count="40" type="stmt"/>
      </file>
      <file name="CheckboxComp.tsx" path="/home/estebancat/Documents/virtual/best-todo/todo-list/vite-project/src/components/subcomponents/CheckboxComp.tsx">
        <metrics statements="3" coveredstatements="3" conditionals="0" coveredconditionals="0" methods="2" coveredmethods="2"/>
        <line num="5" count="2" type="stmt"/>
        <line num="6" count="78" type="stmt"/>
        <line num="13" count="9" type="stmt"/>
      </file>
      <file name="DateCalendar.tsx" path="/home/estebancat/Documents/virtual/best-todo/todo-list/vite-project/src/components/subcomponents/DateCalendar.tsx">
        <metrics statements="3" coveredstatements="3" conditionals="0" coveredconditionals="0" methods="1" coveredmethods="1"/>
        <line num="8" count="2" type="stmt"/>
        <line num="10" count="54" type="stmt"/>
        <line num="14" count="54" type="stmt"/>
      </file>
      <file name="EditableFields.tsx" path="/home/estebancat/Documents/virtual/best-todo/todo-list/vite-project/src/components/subcomponents/EditableFields.tsx">
        <metrics statements="2" coveredstatements="2" conditionals="11" coveredconditionals="11" methods="1" coveredmethods="1"/>
        <line num="7" count="2" type="stmt"/>
        <line num="25" count="556" type="stmt"/>
      </file>
      <file name="InputComp.tsx" path="/home/estebancat/Documents/virtual/best-todo/todo-list/vite-project/src/components/subcomponents/InputComp.tsx">
        <metrics statements="2" coveredstatements="2" conditionals="0" coveredconditionals="0" methods="1" coveredmethods="1"/>
        <line num="5" count="2" type="stmt"/>
        <line num="14" count="106" type="stmt"/>
      </file>
      <file name="PriorityTodo.tsx" path="/home/estebancat/Documents/virtual/best-todo/todo-list/vite-project/src/components/subcomponents/PriorityTodo.tsx">
        <metrics statements="2" coveredstatements="2" conditionals="2" coveredconditionals="2" methods="1" coveredmethods="1"/>
        <line num="5" count="2" type="stmt"/>
        <line num="12" count="36" type="stmt"/>
      </file>
    </package>
    <package name="src.hooks">
      <metrics statements="18" coveredstatements="18" conditionals="0" coveredconditionals="0" methods="6" coveredmethods="6"/>
      <file name="useFetchDate.ts" path="/home/estebancat/Documents/virtual/best-todo/todo-list/vite-project/src/hooks/useFetchDate.ts">
        <metrics statements="18" coveredstatements="18" conditionals="0" coveredconditionals="0" methods="6" coveredmethods="6"/>
        <line num="4" count="1" type="stmt"/>
        <line num="6" count="36" type="stmt"/>
        <line num="8" count="3" type="stmt"/>
        <line num="9" count="9" type="stmt"/>
        <line num="10" count="9" type="stmt"/>
        <line num="11" count="9" type="stmt"/>
        <line num="12" count="9" type="stmt"/>
        <line num="13" count="9" type="stmt"/>
        <line num="14" count="9" type="stmt"/>
        <line num="16" count="9" type="stmt"/>
        <line num="19" count="3" type="stmt"/>
        <line num="21" count="3" type="stmt"/>
        <line num="22" count="3" type="stmt"/>
        <line num="23" count="6" type="stmt"/>
        <line num="26" count="3" type="stmt"/>
        <line num="27" count="3" type="stmt"/>
        <line num="28" count="3" type="stmt"/>
        <line num="32" count="3" type="stmt"/>
      </file>
    </package>
    <package name="src.utils">
      <metrics statements="128" coveredstatements="128" conditionals="31" coveredconditionals="31" methods="56" coveredmethods="56"/>
      <file name="apiFunctions.ts" path="/home/estebancat/Documents/virtual/best-todo/todo-list/vite-project/src/utils/apiFunctions.ts">
        <metrics statements="36" coveredstatements="36" conditionals="0" coveredconditionals="0" methods="9" coveredmethods="9"/>
        <line num="4" count="2" type="stmt"/>
        <line num="5" count="2" type="stmt"/>
        <line num="6" count="2" type="stmt"/>
        <line num="14" count="1" type="stmt"/>
        <line num="19" count="2" type="stmt"/>
        <line num="20" count="2" type="stmt"/>
        <line num="21" count="2" type="stmt"/>
        <line num="29" count="1" type="stmt"/>
        <line num="34" count="2" type="stmt"/>
        <line num="35" count="2" type="stmt"/>
        <line num="36" count="2" type="stmt"/>
        <line num="44" count="1" type="stmt"/>
        <line num="49" count="2" type="stmt"/>
        <line num="50" count="2" type="stmt"/>
        <line num="51" count="2" type="stmt"/>
        <line num="59" count="1" type="stmt"/>
        <line num="64" count="2" type="stmt"/>
        <line num="65" count="2" type="stmt"/>
        <line num="66" count="2" type="stmt"/>
        <line num="74" count="1" type="stmt"/>
        <line num="79" count="2" type="stmt"/>
        <line num="80" count="2" type="stmt"/>
        <line num="81" count="2" type="stmt"/>
        <line num="89" count="1" type="stmt"/>
        <line num="94" count="2" type="stmt"/>
        <line num="95" count="2" type="stmt"/>
        <line num="96" count="2" type="stmt"/>
        <line num="104" count="1" type="stmt"/>
        <line num="109" count="2" type="stmt"/>
        <line num="110" count="2" type="stmt"/>
        <line num="111" count="2" type="stmt"/>
        <line num="119" count="1" type="stmt"/>
        <line num="124" count="2" type="stmt"/>
        <line num="125" count="2" type="stmt"/>
        <line num="126" count="2" type="stmt"/>
        <line num="134" count="1" type="stmt"/>
      </file>
      <file name="dateUtils.ts" path="/home/estebancat/Documents/virtual/best-todo/todo-list/vite-project/src/utils/dateUtils.ts">
        <metrics statements="19" coveredstatements="19" conditionals="3" coveredconditionals="3" methods="5" coveredmethods="5"/>
        <line num="1" count="1" type="stmt"/>
        <line num="2" count="1" type="stmt"/>
        <line num="3" count="1" type="stmt"/>
        <line num="4" count="1" type="stmt"/>
        <line num="7" count="1" type="stmt"/>
        <line num="8" count="1" type="stmt"/>
        <line num="9" count="1" type="stmt"/>
        <line num="11" count="1" type="stmt"/>
        <line num="12" count="1" type="stmt"/>
        <line num="14" count="1" type="stmt"/>
        <line num="21" count="1" type="stmt"/>
        <line num="22" count="1" type="stmt"/>
        <line num="23" count="1" type="stmt"/>
        <line num="25" count="1" type="stmt"/>
        <line num="26" count="5" type="stmt"/>
        <line num="27" count="5" type="stmt"/>
        <line num="28" count="5" type="stmt"/>
        <line num="32" count="1" type="stmt"/>
        <line num="33" count="2" type="stmt"/>
      </file>
      <file name="fonctions.ts" path="/home/estebancat/Documents/virtual/best-todo/todo-list/vite-project/src/utils/fonctions.ts">
        <metrics statements="33" coveredstatements="33" conditionals="12" coveredconditionals="12" methods="10" coveredmethods="10"/>
        <line num="5" count="4" type="stmt"/>
        <line num="12" count="4" type="stmt"/>
        <line num="20" count="4" type="stmt"/>
        <line num="21" count="4" type="stmt"/>
        <line num="23" count="4" type="stmt"/>
        <line num="24" count="4" type="stmt"/>
        <line num="26" count="4" type="stmt"/>
        <line num="29" count="4" type="stmt"/>
        <line num="30" count="7" type="stmt"/>
        <line num="32" count="8" type="cond" truecount="4" falsecount="0"/>
        <line num="33" count="3" type="stmt"/>
        <line num="38" count="5" type="stmt"/>
        <line num="40" count="5" type="cond" truecount="2" falsecount="0"/>
        <line num="41" count="1" type="stmt"/>
        <line num="46" count="4" type="stmt"/>
        <line num="48" count="4" type="cond" truecount="2" falsecount="0"/>
        <line num="49" count="2" type="stmt"/>
        <line num="53" count="2" type="stmt"/>
        <line num="54" count="2" type="stmt"/>
        <line num="56" count="2" type="stmt"/>
        <line num="61" count="4" type="stmt"/>
        <line num="62" count="38" type="stmt"/>
        <line num="64" count="38" type="stmt"/>
        <line num="67" count="29" type="stmt"/>
        <line num="72" count="4" type="stmt"/>
        <line num="76" count="4" type="cond" truecount="4" falsecount="0"/>
        <line num="78" count="1" type="stmt"/>
        <line num="82" count="1" type="stmt"/>
        <line num="84" count="1" type="stmt"/>
        <line num="88" count="1" type="stmt"/>
        <line num="90" count="1" type="stmt"/>
        <line num="94" count="1" type="stmt"/>
        <line num="96" count="1" type="stmt"/>
      </file>
      <file name="todoFunctions.ts" path="/home/estebancat/Documents/virtual/best-todo/todo-list/vite-project/src/utils/todoFunctions.ts">
        <metrics statements="40" coveredstatements="40" conditionals="16" coveredconditionals="16" methods="32" coveredmethods="32"/>
        <line num="20" count="2" type="stmt"/>
        <line num="26" count="3" type="stmt"/>
        <line num="27" count="5" type="cond" truecount="2" falsecount="0"/>
        <line num="31" count="3" type="stmt"/>
        <line num="32" count="3" type="stmt"/>
        <line num="38" count="2" type="stmt"/>
        <line num="44" count="3" type="stmt"/>
        <line num="45" count="5" type="cond" truecount="2" falsecount="0"/>
        <line num="49" count="3" type="stmt"/>
        <line num="50" count="3" type="stmt"/>
        <line num="54" count="2" type="stmt"/>
        <line num="60" count="3" type="stmt"/>
        <line num="61" count="5" type="cond" truecount="2" falsecount="0"/>
        <line num="65" count="3" type="stmt"/>
        <line num="67" count="3" type="stmt"/>
        <line num="73" count="2" type="stmt"/>
        <line num="79" count="3" type="stmt"/>
        <line num="80" count="5" type="cond" truecount="2" falsecount="0"/>
        <line num="84" count="3" type="stmt"/>
        <line num="86" count="3" type="stmt"/>
        <line num="92" count="2" type="stmt"/>
        <line num="98" count="2" type="stmt"/>
        <line num="99" count="5" type="cond" truecount="2" falsecount="0"/>
        <line num="103" count="2" type="stmt"/>
        <line num="105" count="2" type="stmt"/>
        <line num="111" count="2" type="stmt"/>
        <line num="117" count="3" type="stmt"/>
        <line num="118" count="5" type="cond" truecount="2" falsecount="0"/>
        <line num="122" count="3" type="stmt"/>
        <line num="124" count="3" type="stmt"/>
        <line num="130" count="2" type="stmt"/>
        <line num="136" count="2" type="stmt"/>
        <line num="137" count="5" type="cond" truecount="2" falsecount="0"/>
        <line num="141" count="2" type="stmt"/>
        <line num="143" count="2" type="stmt"/>
        <line num="149" count="2" type="stmt"/>
        <line num="155" count="2" type="stmt"/>
        <line num="156" count="5" type="cond" truecount="2" falsecount="0"/>
        <line num="160" count="2" type="stmt"/>
        <line num="162" count="2" type="stmt"/>
      </file>
    </package>
  </project>
</coverage>
