{"/home/estebancat/Documents/virtual/best-todo/todo-list/vite-project/server/src/server.ts": {"path":"/home/estebancat/Documents/virtual/best-todo/todo-list/vite-project/server/src/server.ts","statementMap":{"0":{"start":{"line":5,"column":8},"end":{"line":5,"column":null}},"1":{"start":{"line":6,"column":2},"end":{"line":8,"column":null}},"2":{"start":{"line":7,"column":4},"end":{"line":7,"column":null}},"3":{"start":{"line":9,"column":2},"end":{"line":9,"column":null}}},"fnMap":{"0":{"name":"createServer","decl":{"start":{"line":4,"column":16},"end":{"line":4,"column":31}},"loc":{"start":{"line":4,"column":31},"end":{"line":10,"column":null}},"line":4},"1":{"name":"(anonymous_1)","decl":{"start":{"line":6,"column":21},"end":{"line":6,"column":22}},"loc":{"start":{"line":6,"column":36},"end":{"line":8,"column":3}},"line":6}},"branchMap":{},"s":{"0":1,"1":1,"2":1,"3":1},"f":{"0":1,"1":1},"b":{},"meta":{"lastBranch":0,"lastFunction":2,"lastStatement":4,"seen":{"f:4:16:4:31":0,"s:5:8:5:Infinity":0,"s:6:2:8:Infinity":1,"f:6:21:6:22":1,"s:7:4:7:Infinity":2,"s:9:2:9:Infinity":3}}}
,"/home/estebancat/Documents/virtual/best-todo/todo-list/vite-project/src/App.tsx": {"path":"/home/estebancat/Documents/virtual/best-todo/todo-list/vite-project/src/App.tsx","statementMap":{"0":{"start":{"line":25,"column":16},"end":{"line":221,"column":null}},"1":{"start":{"line":27,"column":22},"end":{"line":27,"column":null}},"2":{"start":{"line":29,"column":8},"end":{"line":29,"column":null}},"3":{"start":{"line":31,"column":34},"end":{"line":40,"column":null}},"4":{"start":{"line":42,"column":36},"end":{"line":42,"column":null}},"5":{"start":{"line":44,"column":24},"end":{"line":44,"column":null}},"6":{"start":{"line":46,"column":28},"end":{"line":49,"column":null}},"7":{"start":{"line":51,"column":22},"end":{"line":51,"column":null}},"8":{"start":{"line":53,"column":8},"end":{"line":53,"column":null}},"9":{"start":{"line":55,"column":25},"end":{"line":57,"column":null}},"10":{"start":{"line":56,"column":4},"end":{"line":56,"column":null}},"11":{"start":{"line":59,"column":2},"end":{"line":62,"column":null}},"12":{"start":{"line":60,"column":22},"end":{"line":60,"column":null}},"13":{"start":{"line":61,"column":6},"end":{"line":61,"column":null}},"14":{"start":{"line":64,"column":23},"end":{"line":103,"column":null}},"15":{"start":{"line":65,"column":4},"end":{"line":65,"column":null}},"16":{"start":{"line":66,"column":4},"end":{"line":66,"column":null}},"17":{"start":{"line":66,"column":26},"end":{"line":66,"column":null}},"18":{"start":{"line":67,"column":26},"end":{"line":78,"column":null}},"19":{"start":{"line":79,"column":4},"end":{"line":79,"column":null}},"20":{"start":{"line":79,"column":31},"end":{"line":79,"column":49}},"21":{"start":{"line":80,"column":4},"end":{"line":91,"column":5}},"22":{"start":{"line":81,"column":6},"end":{"line":87,"column":null}},"23":{"start":{"line":88,"column":6},"end":{"line":88,"column":null}},"24":{"start":{"line":90,"column":6},"end":{"line":90,"column":null}},"25":{"start":{"line":92,"column":4},"end":{"line":101,"column":null}},"26":{"start":{"line":102,"column":4},"end":{"line":102,"column":null}},"27":{"start":{"line":105,"column":2},"end":{"line":127,"column":null}},"28":{"start":{"line":106,"column":23},"end":{"line":125,"column":null}},"29":{"start":{"line":107,"column":6},"end":{"line":124,"column":null}},"30":{"start":{"line":108,"column":30},"end":{"line":108,"column":null}},"31":{"start":{"line":109,"column":8},"end":{"line":109,"column":null}},"32":{"start":{"line":109,"column":21},"end":{"line":109,"column":null}},"33":{"start":{"line":111,"column":29},"end":{"line":111,"column":null}},"34":{"start":{"line":112,"column":8},"end":{"line":112,"column":null}},"35":{"start":{"line":114,"column":8},"end":{"line":114,"column":null}},"36":{"start":{"line":115,"column":8},"end":{"line":118,"column":null}},"37":{"start":{"line":115,"column":43},"end":{"line":118,"column":10}},"38":{"start":{"line":120,"column":8},"end":{"line":123,"column":null}},"39":{"start":{"line":120,"column":43},"end":{"line":123,"column":10}},"40":{"start":{"line":126,"column":4},"end":{"line":126,"column":null}},"41":{"start":{"line":129,"column":2},"end":{"line":129,"column":null}},"42":{"start":{"line":129,"column":23},"end":{"line":129,"column":null}},"43":{"start":{"line":130,"column":2},"end":{"line":133,"column":null}},"44":{"start":{"line":130,"column":21},"end":{"line":133,"column":null}},"45":{"start":{"line":136,"column":2},"end":{"line":219,"column":null}},"46":{"start":{"line":146,"column":25},"end":{"line":149,"column":null}},"47":{"start":{"line":161,"column":25},"end":{"line":164,"column":null}}},"fnMap":{"0":{"name":"(anonymous_0)","decl":{"start":{"line":25,"column":16},"end":{"line":25,"column":35}},"loc":{"start":{"line":25,"column":35},"end":{"line":221,"column":null}},"line":25},"1":{"name":"(anonymous_1)","decl":{"start":{"line":55,"column":25},"end":{"line":55,"column":26}},"loc":{"start":{"line":55,"column":48},"end":{"line":57,"column":null}},"line":55},"2":{"name":"(anonymous_2)","decl":{"start":{"line":59,"column":12},"end":{"line":59,"column":18}},"loc":{"start":{"line":59,"column":18},"end":{"line":62,"column":5}},"line":59},"3":{"name":"(anonymous_3)","decl":{"start":{"line":64,"column":23},"end":{"line":64,"column":30}},"loc":{"start":{"line":64,"column":79},"end":{"line":103,"column":null}},"line":64},"4":{"name":"(anonymous_4)","decl":{"start":{"line":79,"column":13},"end":{"line":79,"column":14}},"loc":{"start":{"line":79,"column":31},"end":{"line":79,"column":49}},"line":79},"5":{"name":"(anonymous_5)","decl":{"start":{"line":105,"column":12},"end":{"line":105,"column":18}},"loc":{"start":{"line":105,"column":18},"end":{"line":127,"column":5}},"line":105},"6":{"name":"(anonymous_6)","decl":{"start":{"line":106,"column":23},"end":{"line":106,"column":50}},"loc":{"start":{"line":106,"column":50},"end":{"line":125,"column":null}},"line":106},"7":{"name":"(anonymous_7)","decl":{"start":{"line":115,"column":19},"end":{"line":115,"column":20}},"loc":{"start":{"line":115,"column":43},"end":{"line":118,"column":10}},"line":115},"8":{"name":"(anonymous_8)","decl":{"start":{"line":120,"column":19},"end":{"line":120,"column":20}},"loc":{"start":{"line":120,"column":43},"end":{"line":123,"column":10}},"line":120},"9":{"name":"(anonymous_9)","decl":{"start":{"line":146,"column":19},"end":{"line":146,"column":25}},"loc":{"start":{"line":146,"column":25},"end":{"line":149,"column":null}},"line":146},"10":{"name":"(anonymous_10)","decl":{"start":{"line":161,"column":19},"end":{"line":161,"column":25}},"loc":{"start":{"line":161,"column":25},"end":{"line":164,"column":null}},"line":161}},"branchMap":{"0":{"loc":{"start":{"line":61,"column":22},"end":{"line":61,"column":null}},"type":"cond-expr","locations":[{"start":{"line":61,"column":32},"end":{"line":61,"column":56}},{"start":{"line":61,"column":56},"end":{"line":61,"column":null}}],"line":61},"1":{"loc":{"start":{"line":66,"column":4},"end":{"line":66,"column":null}},"type":"if","locations":[{"start":{"line":66,"column":4},"end":{"line":66,"column":null}},{"start":{},"end":{}}],"line":66},"2":{"loc":{"start":{"line":109,"column":8},"end":{"line":109,"column":null}},"type":"if","locations":[{"start":{"line":109,"column":8},"end":{"line":109,"column":null}},{"start":{},"end":{}}],"line":109},"3":{"loc":{"start":{"line":129,"column":2},"end":{"line":129,"column":null}},"type":"if","locations":[{"start":{"line":129,"column":2},"end":{"line":129,"column":null}},{"start":{},"end":{}}],"line":129},"4":{"loc":{"start":{"line":130,"column":2},"end":{"line":133,"column":null}},"type":"if","locations":[{"start":{"line":130,"column":2},"end":{"line":133,"column":null}},{"start":{},"end":{}}],"line":130},"5":{"loc":{"start":{"line":146,"column":33},"end":{"line":148,"column":null}},"type":"cond-expr","locations":[{"start":{"line":147,"column":14},"end":{"line":147,"column":null}},{"start":{"line":148,"column":14},"end":{"line":148,"column":null}}],"line":146},"6":{"loc":{"start":{"line":152,"column":11},"end":{"line":155,"column":null}},"type":"cond-expr","locations":[{"start":{"line":153,"column":12},"end":{"line":153,"column":null}},{"start":{"line":155,"column":12},"end":{"line":155,"column":null}}],"line":152},"7":{"loc":{"start":{"line":152,"column":11},"end":{"line":152,"column":null}},"type":"binary-expr","locations":[{"start":{"line":152,"column":11},"end":{"line":152,"column":33}},{"start":{"line":152,"column":33},"end":{"line":152,"column":null}}],"line":152},"8":{"loc":{"start":{"line":161,"column":33},"end":{"line":163,"column":null}},"type":"cond-expr","locations":[{"start":{"line":162,"column":14},"end":{"line":162,"column":null}},{"start":{"line":163,"column":14},"end":{"line":163,"column":null}}],"line":161},"9":{"loc":{"start":{"line":167,"column":11},"end":{"line":170,"column":null}},"type":"cond-expr","locations":[{"start":{"line":168,"column":12},"end":{"line":168,"column":null}},{"start":{"line":170,"column":12},"end":{"line":170,"column":null}}],"line":167},"10":{"loc":{"start":{"line":167,"column":11},"end":{"line":167,"column":null}},"type":"binary-expr","locations":[{"start":{"line":167,"column":11},"end":{"line":167,"column":33}},{"start":{"line":167,"column":33},"end":{"line":167,"column":null}}],"line":167},"11":{"loc":{"start":{"line":175,"column":7},"end":{"line":202,"column":null}},"type":"cond-expr","locations":[{"start":{"line":176,"column":8},"end":{"line":201,"column":null}},{"start":{"line":202,"column":10},"end":{"line":202,"column":null}}],"line":175},"12":{"loc":{"start":{"line":204,"column":7},"end":{"line":206,"column":null}},"type":"cond-expr","locations":[{"start":{"line":205,"column":8},"end":{"line":205,"column":null}},{"start":{"line":206,"column":10},"end":{"line":206,"column":null}}],"line":204},"13":{"loc":{"start":{"line":208,"column":7},"end":{"line":217,"column":null}},"type":"cond-expr","locations":[{"start":{"line":210,"column":8},"end":{"line":216,"column":null}},{"start":{"line":217,"column":10},"end":{"line":217,"column":null}}],"line":208}},"s":{"0":2,"1":50,"2":50,"3":50,"4":50,"5":50,"6":50,"7":50,"8":50,"9":50,"10":2,"11":50,"12":16,"13":16,"14":50,"15":3,"16":3,"17":1,"18":2,"19":2,"20":2,"21":2,"22":2,"23":1,"24":1,"25":2,"26":2,"27":50,"28":23,"29":23,"30":23,"31":22,"32":22,"33":21,"34":21,"35":2,"36":2,"37":2,"38":23,"39":21,"40":23,"41":50,"42":16,"43":34,"44":34,"45":32,"46":4,"47":3},"f":{"0":50,"1":2,"2":16,"3":3,"4":2,"5":23,"6":23,"7":2,"8":21,"9":4,"10":3},"b":{"0":[1,15],"1":[1,2],"2":[1,21],"3":[16,34],"4":[2,32],"5":[1,3],"6":[26,6],"7":[32,10],"8":[1,2],"9":[28,4],"10":[50,10],"11":[22,10],"12":[6,26],"13":[4,28]},"meta":{"lastBranch":14,"lastFunction":11,"lastStatement":48,"seen":{"s:25:16:221:Infinity":0,"f:25:16:25:35":0,"s:27:22:27:Infinity":1,"s:29:8:29:Infinity":2,"s:31:34:40:Infinity":3,"s:42:36:42:Infinity":4,"s:44:24:44:Infinity":5,"s:46:28:49:Infinity":6,"s:51:22:51:Infinity":7,"s:53:8:53:Infinity":8,"s:55:25:57:Infinity":9,"f:55:25:55:26":1,"s:56:4:56:Infinity":10,"s:59:2:62:Infinity":11,"f:59:12:59:18":2,"s:60:22:60:Infinity":12,"s:61:6:61:Infinity":13,"b:61:32:61:56:61:56:61:Infinity":0,"s:64:23:103:Infinity":14,"f:64:23:64:30":3,"s:65:4:65:Infinity":15,"b:66:4:66:Infinity:undefined:undefined:undefined:undefined":1,"s:66:4:66:Infinity":16,"s:66:26:66:Infinity":17,"s:67:26:78:Infinity":18,"s:79:4:79:Infinity":19,"f:79:13:79:14":4,"s:79:31:79:49":20,"s:80:4:91:5":21,"s:81:6:87:Infinity":22,"s:88:6:88:Infinity":23,"s:90:6:90:Infinity":24,"s:92:4:101:Infinity":25,"s:102:4:102:Infinity":26,"s:105:2:127:Infinity":27,"f:105:12:105:18":5,"s:106:23:125:Infinity":28,"f:106:23:106:50":6,"s:107:6:124:Infinity":29,"s:108:30:108:Infinity":30,"b:109:8:109:Infinity:undefined:undefined:undefined:undefined":2,"s:109:8:109:Infinity":31,"s:109:21:109:Infinity":32,"s:111:29:111:Infinity":33,"s:112:8:112:Infinity":34,"s:114:8:114:Infinity":35,"s:115:8:118:Infinity":36,"f:115:19:115:20":7,"s:115:43:118:10":37,"s:120:8:123:Infinity":38,"f:120:19:120:20":8,"s:120:43:123:10":39,"s:126:4:126:Infinity":40,"b:129:2:129:Infinity:undefined:undefined:undefined:undefined":3,"s:129:2:129:Infinity":41,"s:129:23:129:Infinity":42,"b:130:2:133:Infinity:undefined:undefined:undefined:undefined":4,"s:130:2:133:Infinity":43,"s:130:21:133:Infinity":44,"s:136:2:219:Infinity":45,"f:146:19:146:25":9,"s:146:25:149:Infinity":46,"b:147:14:147:Infinity:148:14:148:Infinity":5,"b:153:12:153:Infinity:155:12:155:Infinity":6,"b:152:11:152:33:152:33:152:Infinity":7,"f:161:19:161:25":10,"s:161:25:164:Infinity":47,"b:162:14:162:Infinity:163:14:163:Infinity":8,"b:168:12:168:Infinity:170:12:170:Infinity":9,"b:167:11:167:33:167:33:167:Infinity":10,"b:176:8:201:Infinity:202:10:202:Infinity":11,"b:205:8:205:Infinity:206:10:206:Infinity":12,"b:210:8:216:Infinity:217:10:217:Infinity":13}}}
,"/home/estebancat/Documents/virtual/best-todo/todo-list/vite-project/src/components/CreateInputCheckbox.tsx": {"path":"/home/estebancat/Documents/virtual/best-todo/todo-list/vite-project/src/components/CreateInputCheckbox.tsx","statementMap":{"0":{"start":{"line":9,"column":28},"end":{"line":170,"column":null}},"1":{"start":{"line":23,"column":36},"end":{"line":27,"column":null}},"2":{"start":{"line":24,"column":8},"end":{"line":26,"column":null}},"3":{"start":{"line":24,"column":49},"end":{"line":26,"column":10}},"4":{"start":{"line":29,"column":41},"end":{"line":33,"column":null}},"5":{"start":{"line":30,"column":8},"end":{"line":32,"column":null}},"6":{"start":{"line":30,"column":49},"end":{"line":32,"column":10}},"7":{"start":{"line":35,"column":4},"end":{"line":168,"column":null}},"8":{"start":{"line":38,"column":63},"end":{"line":38,"column":null}},"9":{"start":{"line":110,"column":52},"end":{"line":110,"column":null}},"10":{"start":{"line":118,"column":52},"end":{"line":118,"column":null}},"11":{"start":{"line":126,"column":52},"end":{"line":126,"column":null}},"12":{"start":{"line":134,"column":52},"end":{"line":134,"column":null}},"13":{"start":{"line":142,"column":52},"end":{"line":142,"column":null}}},"fnMap":{"0":{"name":"(anonymous_0)","decl":{"start":{"line":9,"column":28},"end":{"line":9,"column":29}},"loc":{"start":{"line":21,"column":32},"end":{"line":170,"column":null}},"line":21},"1":{"name":"(anonymous_1)","decl":{"start":{"line":23,"column":36},"end":{"line":23,"column":37}},"loc":{"start":{"line":23,"column":80},"end":{"line":27,"column":null}},"line":23},"2":{"name":"(anonymous_2)","decl":{"start":{"line":24,"column":22},"end":{"line":24,"column":23}},"loc":{"start":{"line":24,"column":49},"end":{"line":26,"column":10}},"line":24},"3":{"name":"(anonymous_3)","decl":{"start":{"line":29,"column":41},"end":{"line":29,"column":42}},"loc":{"start":{"line":29,"column":85},"end":{"line":33,"column":null}},"line":29},"4":{"name":"(anonymous_4)","decl":{"start":{"line":30,"column":22},"end":{"line":30,"column":23}},"loc":{"start":{"line":30,"column":49},"end":{"line":32,"column":10}},"line":30},"5":{"name":"(anonymous_5)","decl":{"start":{"line":38,"column":22},"end":{"line":38,"column":23}},"loc":{"start":{"line":38,"column":63},"end":{"line":38,"column":null}},"line":38},"6":{"name":"(anonymous_6)","decl":{"start":{"line":110,"column":40},"end":{"line":110,"column":52}},"loc":{"start":{"line":110,"column":52},"end":{"line":110,"column":null}},"line":110},"7":{"name":"(anonymous_7)","decl":{"start":{"line":118,"column":40},"end":{"line":118,"column":52}},"loc":{"start":{"line":118,"column":52},"end":{"line":118,"column":null}},"line":118},"8":{"name":"(anonymous_8)","decl":{"start":{"line":126,"column":40},"end":{"line":126,"column":52}},"loc":{"start":{"line":126,"column":52},"end":{"line":126,"column":null}},"line":126},"9":{"name":"(anonymous_9)","decl":{"start":{"line":134,"column":40},"end":{"line":134,"column":52}},"loc":{"start":{"line":134,"column":52},"end":{"line":134,"column":null}},"line":134},"10":{"name":"(anonymous_10)","decl":{"start":{"line":142,"column":40},"end":{"line":142,"column":52}},"loc":{"start":{"line":142,"column":52},"end":{"line":142,"column":null}},"line":142}},"branchMap":{"0":{"loc":{"start":{"line":155,"column":31},"end":{"line":157,"column":null}},"type":"cond-expr","locations":[{"start":{"line":156,"column":26},"end":{"line":156,"column":null}},{"start":{"line":157,"column":26},"end":{"line":157,"column":null}}],"line":155},"1":{"loc":{"start":{"line":159,"column":30},"end":{"line":161,"column":null}},"type":"cond-expr","locations":[{"start":{"line":160,"column":26},"end":{"line":160,"column":null}},{"start":{"line":161,"column":26},"end":{"line":161,"column":null}}],"line":159}},"s":{"0":1,"1":15,"2":1,"3":0,"4":15,"5":1,"6":1,"7":15,"8":1,"9":2,"10":3,"11":1,"12":1,"13":1},"f":{"0":15,"1":1,"2":0,"3":1,"4":1,"5":1,"6":2,"7":3,"8":1,"9":1,"10":1},"b":{"0":[13,2],"1":[13,2]},"meta":{"lastBranch":2,"lastFunction":11,"lastStatement":14,"seen":{"s:9:28:170:Infinity":0,"f:9:28:9:29":0,"s:23:36:27:Infinity":1,"f:23:36:23:37":1,"s:24:8:26:Infinity":2,"f:24:22:24:23":2,"s:24:49:26:10":3,"s:29:41:33:Infinity":4,"f:29:41:29:42":3,"s:30:8:32:Infinity":5,"f:30:22:30:23":4,"s:30:49:32:10":6,"s:35:4:168:Infinity":7,"f:38:22:38:23":5,"s:38:63:38:Infinity":8,"f:110:40:110:52":6,"s:110:52:110:Infinity":9,"f:118:40:118:52":7,"s:118:52:118:Infinity":10,"f:126:40:126:52":8,"s:126:52:126:Infinity":11,"f:134:40:134:52":9,"s:134:52:134:Infinity":12,"f:142:40:142:52":10,"s:142:52:142:Infinity":13,"b:156:26:156:Infinity:157:26:157:Infinity":0,"b:160:26:160:Infinity:161:26:161:Infinity":1}}}
,"/home/estebancat/Documents/virtual/best-todo/todo-list/vite-project/src/components/FetchFromCSV.tsx": {"path":"/home/estebancat/Documents/virtual/best-todo/todo-list/vite-project/src/components/FetchFromCSV.tsx","statementMap":{"0":{"start":{"line":7,"column":21},"end":{"line":102,"column":null}},"1":{"start":{"line":9,"column":24},"end":{"line":9,"column":null}},"2":{"start":{"line":10,"column":28},"end":{"line":10,"column":null}},"3":{"start":{"line":11,"column":24},"end":{"line":11,"column":null}},"4":{"start":{"line":13,"column":2},"end":{"line":30,"column":null}},"5":{"start":{"line":14,"column":21},"end":{"line":27,"column":null}},"6":{"start":{"line":15,"column":6},"end":{"line":26,"column":null}},"7":{"start":{"line":16,"column":30},"end":{"line":16,"column":null}},"8":{"start":{"line":17,"column":8},"end":{"line":17,"column":null}},"9":{"start":{"line":17,"column":21},"end":{"line":17,"column":null}},"10":{"start":{"line":19,"column":29},"end":{"line":19,"column":null}},"11":{"start":{"line":20,"column":8},"end":{"line":20,"column":null}},"12":{"start":{"line":22,"column":22},"end":{"line":22,"column":null}},"13":{"start":{"line":23,"column":8},"end":{"line":23,"column":null}},"14":{"start":{"line":25,"column":8},"end":{"line":25,"column":null}},"15":{"start":{"line":28,"column":4},"end":{"line":28,"column":null}},"16":{"start":{"line":29,"column":4},"end":{"line":29,"column":null}},"17":{"start":{"line":29,"column":23},"end":{"line":29,"column":null}},"18":{"start":{"line":32,"column":24},"end":{"line":41,"column":null}},"19":{"start":{"line":33,"column":4},"end":{"line":33,"column":null}},"20":{"start":{"line":33,"column":43},"end":{"line":33,"column":58}},"21":{"start":{"line":34,"column":4},"end":{"line":40,"column":null}},"22":{"start":{"line":35,"column":6},"end":{"line":37,"column":null}},"23":{"start":{"line":39,"column":6},"end":{"line":39,"column":null}},"24":{"start":{"line":43,"column":27},"end":{"line":50,"column":null}},"25":{"start":{"line":44,"column":21},"end":{"line":44,"column":null}},"26":{"start":{"line":45,"column":4},"end":{"line":49,"column":null}},"27":{"start":{"line":46,"column":6},"end":{"line":46,"column":null}},"28":{"start":{"line":48,"column":6},"end":{"line":48,"column":null}},"29":{"start":{"line":52,"column":2},"end":{"line":52,"column":null}},"30":{"start":{"line":52,"column":15},"end":{"line":52,"column":null}},"31":{"start":{"line":53,"column":2},"end":{"line":53,"column":null}},"32":{"start":{"line":53,"column":13},"end":{"line":53,"column":null}},"33":{"start":{"line":55,"column":2},"end":{"line":100,"column":null}},"34":{"start":{"line":72,"column":12},"end":{"line":96,"column":null}},"35":{"start":{"line":85,"column":35},"end":{"line":85,"column":null}}},"fnMap":{"0":{"name":"(anonymous_0)","decl":{"start":{"line":7,"column":21},"end":{"line":7,"column":40}},"loc":{"start":{"line":7,"column":40},"end":{"line":102,"column":null}},"line":7},"1":{"name":"(anonymous_1)","decl":{"start":{"line":13,"column":12},"end":{"line":13,"column":18}},"loc":{"start":{"line":13,"column":18},"end":{"line":30,"column":5}},"line":13},"2":{"name":"(anonymous_2)","decl":{"start":{"line":14,"column":21},"end":{"line":14,"column":48}},"loc":{"start":{"line":14,"column":48},"end":{"line":27,"column":null}},"line":14},"3":{"name":"(anonymous_3)","decl":{"start":{"line":29,"column":11},"end":{"line":29,"column":23}},"loc":{"start":{"line":29,"column":23},"end":{"line":29,"column":null}},"line":29},"4":{"name":"(anonymous_4)","decl":{"start":{"line":32,"column":24},"end":{"line":32,"column":31}},"loc":{"start":{"line":32,"column":61},"end":{"line":41,"column":null}},"line":32},"5":{"name":"(anonymous_5)","decl":{"start":{"line":33,"column":26},"end":{"line":33,"column":27}},"loc":{"start":{"line":33,"column":43},"end":{"line":33,"column":58}},"line":33},"6":{"name":"(anonymous_6)","decl":{"start":{"line":43,"column":27},"end":{"line":43,"column":28}},"loc":{"start":{"line":43,"column":49},"end":{"line":50,"column":null}},"line":43},"7":{"name":"(anonymous_7)","decl":{"start":{"line":71,"column":21},"end":{"line":71,"column":22}},"loc":{"start":{"line":72,"column":12},"end":{"line":96,"column":null}},"line":72},"8":{"name":"(anonymous_8)","decl":{"start":{"line":85,"column":29},"end":{"line":85,"column":35}},"loc":{"start":{"line":85,"column":35},"end":{"line":85,"column":null}},"line":85}},"branchMap":{"0":{"loc":{"start":{"line":17,"column":8},"end":{"line":17,"column":null}},"type":"if","locations":[{"start":{"line":17,"column":8},"end":{"line":17,"column":null}},{"start":{},"end":{}}],"line":17},"1":{"loc":{"start":{"line":45,"column":4},"end":{"line":49,"column":null}},"type":"if","locations":[{"start":{"line":45,"column":4},"end":{"line":49,"column":null}},{"start":{"line":47,"column":11},"end":{"line":49,"column":null}}],"line":45},"2":{"loc":{"start":{"line":52,"column":2},"end":{"line":52,"column":null}},"type":"if","locations":[{"start":{"line":52,"column":2},"end":{"line":52,"column":null}},{"start":{},"end":{}}],"line":52},"3":{"loc":{"start":{"line":53,"column":2},"end":{"line":53,"column":null}},"type":"if","locations":[{"start":{"line":53,"column":2},"end":{"line":53,"column":null}},{"start":{},"end":{}}],"line":53},"4":{"loc":{"start":{"line":66,"column":7},"end":{"line":98,"column":null}},"type":"cond-expr","locations":[{"start":{"line":67,"column":8},"end":{"line":67,"column":null}},{"start":{"line":69,"column":8},"end":{"line":98,"column":null}}],"line":66}},"s":{"0":1,"1":16,"2":16,"3":16,"4":16,"5":8,"6":8,"7":8,"8":8,"9":1,"10":6,"11":6,"12":2,"13":2,"14":8,"15":8,"16":8,"17":8,"18":16,"19":2,"20":2,"21":2,"22":2,"23":1,"24":16,"25":3,"26":3,"27":2,"28":1,"29":16,"30":8,"31":8,"32":1,"33":7,"34":4,"35":3},"f":{"0":16,"1":8,"2":8,"3":8,"4":2,"5":2,"6":3,"7":4,"8":3},"b":{"0":[1,7],"1":[2,1],"2":[8,8],"3":[1,7],"4":[3,4]},"meta":{"lastBranch":5,"lastFunction":9,"lastStatement":36,"seen":{"s:7:21:102:Infinity":0,"f:7:21:7:40":0,"s:9:24:9:Infinity":1,"s:10:28:10:Infinity":2,"s:11:24:11:Infinity":3,"s:13:2:30:Infinity":4,"f:13:12:13:18":1,"s:14:21:27:Infinity":5,"f:14:21:14:48":2,"s:15:6:26:Infinity":6,"s:16:30:16:Infinity":7,"b:17:8:17:Infinity:undefined:undefined:undefined:undefined":0,"s:17:8:17:Infinity":8,"s:17:21:17:Infinity":9,"s:19:29:19:Infinity":10,"s:20:8:20:Infinity":11,"s:22:22:22:Infinity":12,"s:23:8:23:Infinity":13,"s:25:8:25:Infinity":14,"s:28:4:28:Infinity":15,"s:29:4:29:Infinity":16,"f:29:11:29:23":3,"s:29:23:29:Infinity":17,"s:32:24:41:Infinity":18,"f:32:24:32:31":4,"s:33:4:33:Infinity":19,"f:33:26:33:27":5,"s:33:43:33:58":20,"s:34:4:40:Infinity":21,"s:35:6:37:Infinity":22,"s:39:6:39:Infinity":23,"s:43:27:50:Infinity":24,"f:43:27:43:28":6,"s:44:21:44:Infinity":25,"b:45:4:49:Infinity:47:11:49:Infinity":1,"s:45:4:49:Infinity":26,"s:46:6:46:Infinity":27,"s:48:6:48:Infinity":28,"b:52:2:52:Infinity:undefined:undefined:undefined:undefined":2,"s:52:2:52:Infinity":29,"s:52:15:52:Infinity":30,"b:53:2:53:Infinity:undefined:undefined:undefined:undefined":3,"s:53:2:53:Infinity":31,"s:53:13:53:Infinity":32,"s:55:2:100:Infinity":33,"b:67:8:67:Infinity:69:8:98:Infinity":4,"f:71:21:71:22":7,"s:72:12:96:Infinity":34,"f:85:29:85:35":8,"s:85:35:85:Infinity":35}}}
,"/home/estebancat/Documents/virtual/best-todo/todo-list/vite-project/src/components/TableCalendar.tsx": {"path":"/home/estebancat/Documents/virtual/best-todo/todo-list/vite-project/src/components/TableCalendar.tsx","statementMap":{"0":{"start":{"line":19,"column":22},"end":{"line":170,"column":null}},"1":{"start":{"line":21,"column":42},"end":{"line":21,"column":null}},"2":{"start":{"line":22,"column":34},"end":{"line":22,"column":null}},"3":{"start":{"line":24,"column":31},"end":{"line":24,"column":null}},"4":{"start":{"line":26,"column":4},"end":{"line":28,"column":null}},"5":{"start":{"line":27,"column":8},"end":{"line":27,"column":null}},"6":{"start":{"line":30,"column":36},"end":{"line":30,"column":null}},"7":{"start":{"line":32,"column":4},"end":{"line":34,"column":5}},"8":{"start":{"line":33,"column":8},"end":{"line":33,"column":null}},"9":{"start":{"line":36,"column":24},"end":{"line":36,"column":null}},"10":{"start":{"line":37,"column":10},"end":{"line":37,"column":null}},"11":{"start":{"line":40,"column":24},"end":{"line":50,"column":null}},"12":{"start":{"line":41,"column":14},"end":{"line":41,"column":null}},"13":{"start":{"line":42,"column":14},"end":{"line":42,"column":null}},"14":{"start":{"line":44,"column":8},"end":{"line":46,"column":null}},"15":{"start":{"line":45,"column":12},"end":{"line":45,"column":null}},"16":{"start":{"line":48,"column":8},"end":{"line":48,"column":null}},"17":{"start":{"line":49,"column":8},"end":{"line":49,"column":null}},"18":{"start":{"line":53,"column":10},"end":{"line":53,"column":null}},"19":{"start":{"line":54,"column":10},"end":{"line":54,"column":null}},"20":{"start":{"line":56,"column":21},"end":{"line":59,"column":null}},"21":{"start":{"line":57,"column":8},"end":{"line":57,"column":null}},"22":{"start":{"line":57,"column":19},"end":{"line":57,"column":null}},"23":{"start":{"line":58,"column":4},"end":{"line":58,"column":null}},"24":{"start":{"line":61,"column":24},"end":{"line":63,"column":null}},"25":{"start":{"line":62,"column":8},"end":{"line":62,"column":null}},"26":{"start":{"line":65,"column":24},"end":{"line":72,"column":null}},"27":{"start":{"line":66,"column":8},"end":{"line":69,"column":null}},"28":{"start":{"line":66,"column":35},"end":{"line":68,"column":null}},"29":{"start":{"line":66,"column":60},"end":{"line":68,"column":18}},"30":{"start":{"line":70,"column":8},"end":{"line":70,"column":null}},"31":{"start":{"line":71,"column":8},"end":{"line":71,"column":null}},"32":{"start":{"line":74,"column":4},"end":{"line":168,"column":null}},"33":{"start":{"line":80,"column":24},"end":{"line":83,"column":null}},"34":{"start":{"line":90,"column":39},"end":{"line":90,"column":null}},"35":{"start":{"line":91,"column":51},"end":{"line":91,"column":null}},"36":{"start":{"line":93,"column":26},"end":{"line":93,"column":null}},"37":{"start":{"line":94,"column":26},"end":{"line":94,"column":null}},"38":{"start":{"line":96,"column":20},"end":{"line":164,"column":null}},"39":{"start":{"line":106,"column":32},"end":{"line":162,"column":null}},"40":{"start":{"line":108,"column":49},"end":{"line":112,"column":null}},"41":{"start":{"line":115,"column":44},"end":{"line":159,"column":null}},"42":{"start":{"line":125,"column":68},"end":{"line":125,"column":null}},"43":{"start":{"line":126,"column":68},"end":{"line":126,"column":null}},"44":{"start":{"line":150,"column":79},"end":{"line":150,"column":null}}},"fnMap":{"0":{"name":"(anonymous_0)","decl":{"start":{"line":19,"column":22},"end":{"line":19,"column":23}},"loc":{"start":{"line":19,"column":71},"end":{"line":170,"column":null}},"line":19},"1":{"name":"(anonymous_1)","decl":{"start":{"line":26,"column":14},"end":{"line":26,"column":20}},"loc":{"start":{"line":26,"column":20},"end":{"line":28,"column":7}},"line":26},"2":{"name":"(anonymous_2)","decl":{"start":{"line":40,"column":42},"end":{"line":40,"column":43}},"loc":{"start":{"line":40,"column":57},"end":{"line":50,"column":7}},"line":40},"3":{"name":"(anonymous_3)","decl":{"start":{"line":56,"column":21},"end":{"line":56,"column":22}},"loc":{"start":{"line":56,"column":65},"end":{"line":59,"column":null}},"line":56},"4":{"name":"(anonymous_4)","decl":{"start":{"line":61,"column":24},"end":{"line":61,"column":25}},"loc":{"start":{"line":61,"column":68},"end":{"line":63,"column":null}},"line":61},"5":{"name":"(anonymous_5)","decl":{"start":{"line":65,"column":24},"end":{"line":65,"column":25}},"loc":{"start":{"line":65,"column":46},"end":{"line":72,"column":null}},"line":65},"6":{"name":"(anonymous_6)","decl":{"start":{"line":66,"column":17},"end":{"line":66,"column":18}},"loc":{"start":{"line":66,"column":35},"end":{"line":68,"column":null}},"line":66},"7":{"name":"(anonymous_7)","decl":{"start":{"line":66,"column":44},"end":{"line":66,"column":45}},"loc":{"start":{"line":66,"column":60},"end":{"line":68,"column":18}},"line":66},"8":{"name":"(anonymous_8)","decl":{"start":{"line":79,"column":40},"end":{"line":79,"column":null}},"loc":{"start":{"line":80,"column":24},"end":{"line":83,"column":null}},"line":80},"9":{"name":"(anonymous_9)","decl":{"start":{"line":89,"column":49},"end":{"line":89,"column":50}},"loc":{"start":{"line":89,"column":72},"end":{"line":166,"column":17}},"line":89},"10":{"name":"(anonymous_10)","decl":{"start":{"line":105,"column":42},"end":{"line":105,"column":43}},"loc":{"start":{"line":106,"column":32},"end":{"line":162,"column":null}},"line":106},"11":{"name":"(anonymous_11)","decl":{"start":{"line":108,"column":48},"end":{"line":108,"column":49}},"loc":{"start":{"line":108,"column":49},"end":{"line":112,"column":null}},"line":108},"12":{"name":"(anonymous_12)","decl":{"start":{"line":114,"column":45},"end":{"line":114,"column":46}},"loc":{"start":{"line":115,"column":44},"end":{"line":159,"column":null}},"line":115},"13":{"name":"(anonymous_13)","decl":{"start":{"line":124,"column":73},"end":{"line":124,"column":79}},"loc":{"start":{"line":124,"column":79},"end":{"line":127,"column":null}},"line":124},"14":{"name":"(anonymous_14)","decl":{"start":{"line":150,"column":73},"end":{"line":150,"column":79}},"loc":{"start":{"line":150,"column":79},"end":{"line":150,"column":null}},"line":150}},"branchMap":{"0":{"loc":{"start":{"line":32,"column":4},"end":{"line":34,"column":5}},"type":"if","locations":[{"start":{"line":32,"column":4},"end":{"line":34,"column":5}},{"start":{},"end":{}}],"line":32},"1":{"loc":{"start":{"line":44,"column":8},"end":{"line":46,"column":null}},"type":"if","locations":[{"start":{"line":44,"column":8},"end":{"line":46,"column":null}},{"start":{},"end":{}}],"line":44},"2":{"loc":{"start":{"line":56,"column":36},"end":{"line":56,"column":65}},"type":"default-arg","locations":[{"start":{"line":56,"column":50},"end":{"line":56,"column":65}}],"line":56},"3":{"loc":{"start":{"line":57,"column":8},"end":{"line":57,"column":null}},"type":"if","locations":[{"start":{"line":57,"column":8},"end":{"line":57,"column":null}},{"start":{},"end":{}}],"line":57},"4":{"loc":{"start":{"line":58,"column":11},"end":{"line":58,"column":null}},"type":"cond-expr","locations":[{"start":{"line":58,"column":31},"end":{"line":58,"column":58}},{"start":{"line":58,"column":58},"end":{"line":58,"column":null}}],"line":58},"5":{"loc":{"start":{"line":66,"column":60},"end":{"line":68,"column":18}},"type":"cond-expr","locations":[{"start":{"line":67,"column":14},"end":{"line":67,"column":null}},{"start":{"line":68,"column":14},"end":{"line":68,"column":18}}],"line":66},"6":{"loc":{"start":{"line":100,"column":33},"end":{"line":102,"column":null}},"type":"binary-expr","locations":[{"start":{"line":100,"column":33},"end":{"line":100,"column":50}},{"start":{"line":100,"column":50},"end":{"line":102,"column":null}}],"line":100},"7":{"loc":{"start":{"line":120,"column":49},"end":{"line":157,"column":null}},"type":"cond-expr","locations":[{"start":{"line":121,"column":52},"end":{"line":134,"column":null}},{"start":{"line":136,"column":52},"end":{"line":157,"column":null}}],"line":120}},"s":{"0":1,"1":35,"2":35,"3":35,"4":35,"5":11,"6":35,"7":35,"8":3,"9":32,"10":32,"11":32,"12":32,"13":32,"14":32,"15":32,"16":32,"17":32,"18":32,"19":32,"20":32,"21":10,"22":0,"23":10,"24":32,"25":18,"26":32,"27":2,"28":1,"29":1,"30":2,"31":2,"32":32,"33":32,"34":32,"35":32,"36":32,"37":32,"38":32,"39":32,"40":32,"41":32,"42":2,"43":2,"44":2},"f":{"0":35,"1":11,"2":32,"3":10,"4":18,"5":2,"6":1,"7":1,"8":32,"9":32,"10":32,"11":32,"12":32,"13":2,"14":2},"b":{"0":[3,32],"1":[32,0],"2":[10],"3":[0,10],"4":[1,9],"5":[1,0],"6":[32,32],"7":[10,22]},"meta":{"lastBranch":8,"lastFunction":15,"lastStatement":45,"seen":{"s:19:22:170:Infinity":0,"f:19:22:19:23":0,"s:21:42:21:Infinity":1,"s:22:34:22:Infinity":2,"s:24:31:24:Infinity":3,"s:26:4:28:Infinity":4,"f:26:14:26:20":1,"s:27:8:27:Infinity":5,"s:30:36:30:Infinity":6,"b:32:4:34:5:undefined:undefined:undefined:undefined":0,"s:32:4:34:5":7,"s:33:8:33:Infinity":8,"s:36:24:36:Infinity":9,"s:37:10:37:Infinity":10,"s:40:24:50:Infinity":11,"f:40:42:40:43":2,"s:41:14:41:Infinity":12,"s:42:14:42:Infinity":13,"b:44:8:46:Infinity:undefined:undefined:undefined:undefined":1,"s:44:8:46:Infinity":14,"s:45:12:45:Infinity":15,"s:48:8:48:Infinity":16,"s:49:8:49:Infinity":17,"s:53:10:53:Infinity":18,"s:54:10:54:Infinity":19,"s:56:21:59:Infinity":20,"f:56:21:56:22":3,"b:56:50:56:65":2,"b:57:8:57:Infinity:undefined:undefined:undefined:undefined":3,"s:57:8:57:Infinity":21,"s:57:19:57:Infinity":22,"s:58:4:58:Infinity":23,"b:58:31:58:58:58:58:58:Infinity":4,"s:61:24:63:Infinity":24,"f:61:24:61:25":4,"s:62:8:62:Infinity":25,"s:65:24:72:Infinity":26,"f:65:24:65:25":5,"s:66:8:69:Infinity":27,"f:66:17:66:18":6,"s:66:35:68:Infinity":28,"f:66:44:66:45":7,"s:66:60:68:18":29,"b:67:14:67:Infinity:68:14:68:18":5,"s:70:8:70:Infinity":30,"s:71:8:71:Infinity":31,"s:74:4:168:Infinity":32,"f:79:40:79:Infinity":8,"s:80:24:83:Infinity":33,"f:89:49:89:50":9,"s:90:39:90:Infinity":34,"s:91:51:91:Infinity":35,"s:93:26:93:Infinity":36,"s:94:26:94:Infinity":37,"s:96:20:164:Infinity":38,"b:100:33:100:50:100:50:102:Infinity":6,"f:105:42:105:43":10,"s:106:32:162:Infinity":39,"f:108:48:108:49":11,"s:108:49:112:Infinity":40,"f:114:45:114:46":12,"s:115:44:159:Infinity":41,"b:121:52:134:Infinity:136:52:157:Infinity":7,"f:124:73:124:79":13,"s:125:68:125:Infinity":42,"s:126:68:126:Infinity":43,"f:150:73:150:79":14,"s:150:79:150:Infinity":44}}}
,"/home/estebancat/Documents/virtual/best-todo/todo-list/vite-project/src/components/TableOfTodos.tsx": {"path":"/home/estebancat/Documents/virtual/best-todo/todo-list/vite-project/src/components/TableOfTodos.tsx","statementMap":{"0":{"start":{"line":4,"column":21},"end":{"line":22,"column":null}},"1":{"start":{"line":5,"column":4},"end":{"line":20,"column":null}}},"fnMap":{"0":{"name":"(anonymous_0)","decl":{"start":{"line":4,"column":21},"end":{"line":4,"column":40}},"loc":{"start":{"line":4,"column":40},"end":{"line":22,"column":null}},"line":4}},"branchMap":{},"s":{"0":1,"1":1},"f":{"0":1},"b":{},"meta":{"lastBranch":0,"lastFunction":1,"lastStatement":2,"seen":{"s:4:21:22:Infinity":0,"f:4:21:4:40":0,"s:5:4:20:Infinity":1}}}
,"/home/estebancat/Documents/virtual/best-todo/todo-list/vite-project/src/components/TodoPerDay.tsx": {"path":"/home/estebancat/Documents/virtual/best-todo/todo-list/vite-project/src/components/TodoPerDay.tsx","statementMap":{"0":{"start":{"line":36,"column":19},"end":{"line":394,"column":null}},"1":{"start":{"line":38,"column":42},"end":{"line":45,"column":null}},"2":{"start":{"line":47,"column":44},"end":{"line":55,"column":null}},"3":{"start":{"line":58,"column":28},"end":{"line":58,"column":null}},"4":{"start":{"line":60,"column":32},"end":{"line":60,"column":null}},"5":{"start":{"line":63,"column":42},"end":{"line":66,"column":null}},"6":{"start":{"line":69,"column":36},"end":{"line":69,"column":null}},"7":{"start":{"line":72,"column":15},"end":{"line":79,"column":null}},"8":{"start":{"line":81,"column":2},"end":{"line":91,"column":null}},"9":{"start":{"line":82,"column":5},"end":{"line":89,"column":null}},"10":{"start":{"line":86,"column":6},"end":{"line":88,"column":null}},"11":{"start":{"line":87,"column":8},"end":{"line":87,"column":null}},"12":{"start":{"line":95,"column":35},"end":{"line":98,"column":null}},"13":{"start":{"line":97,"column":6},"end":{"line":97,"column":null}},"14":{"start":{"line":101,"column":34},"end":{"line":103,"column":null}},"15":{"start":{"line":102,"column":4},"end":{"line":102,"column":null}},"16":{"start":{"line":106,"column":2},"end":{"line":108,"column":null}},"17":{"start":{"line":107,"column":4},"end":{"line":107,"column":null}},"18":{"start":{"line":112,"column":29},"end":{"line":118,"column":null}},"19":{"start":{"line":113,"column":59},"end":{"line":113,"column":null}},"20":{"start":{"line":114,"column":4},"end":{"line":118,"column":3}},"21":{"start":{"line":114,"column":49},"end":{"line":117,"column":null}},"22":{"start":{"line":121,"column":28},"end":{"line":126,"column":null}},"23":{"start":{"line":122,"column":4},"end":{"line":126,"column":3}},"24":{"start":{"line":122,"column":49},"end":{"line":125,"column":null}},"25":{"start":{"line":129,"column":28},"end":{"line":131,"column":null}},"26":{"start":{"line":130,"column":4},"end":{"line":130,"column":null}},"27":{"start":{"line":134,"column":28},"end":{"line":137,"column":null}},"28":{"start":{"line":136,"column":6},"end":{"line":136,"column":null}},"29":{"start":{"line":140,"column":26},"end":{"line":143,"column":null}},"30":{"start":{"line":142,"column":6},"end":{"line":142,"column":null}},"31":{"start":{"line":146,"column":26},"end":{"line":149,"column":null}},"32":{"start":{"line":148,"column":6},"end":{"line":148,"column":null}},"33":{"start":{"line":152,"column":27},"end":{"line":155,"column":null}},"34":{"start":{"line":154,"column":6},"end":{"line":154,"column":null}},"35":{"start":{"line":158,"column":25},"end":{"line":161,"column":null}},"36":{"start":{"line":160,"column":6},"end":{"line":160,"column":null}},"37":{"start":{"line":164,"column":26},"end":{"line":167,"column":null}},"38":{"start":{"line":166,"column":6},"end":{"line":166,"column":null}},"39":{"start":{"line":170,"column":29},"end":{"line":190,"column":null}},"40":{"start":{"line":171,"column":4},"end":{"line":179,"column":null}},"41":{"start":{"line":171,"column":31},"end":{"line":179,"column":13}},"42":{"start":{"line":171,"column":62},"end":{"line":179,"column":12}},"43":{"start":{"line":181,"column":4},"end":{"line":188,"column":null}},"44":{"start":{"line":181,"column":67},"end":{"line":188,"column":6}},"45":{"start":{"line":189,"column":4},"end":{"line":189,"column":null}},"46":{"start":{"line":189,"column":38},"end":{"line":189,"column":43}},"47":{"start":{"line":193,"column":23},"end":{"line":216,"column":null}},"48":{"start":{"line":194,"column":4},"end":{"line":194,"column":null}},"49":{"start":{"line":194,"column":20},"end":{"line":194,"column":null}},"50":{"start":{"line":195,"column":38},"end":{"line":195,"column":null}},"51":{"start":{"line":195,"column":65},"end":{"line":195,"column":79}},"52":{"start":{"line":196,"column":4},"end":{"line":196,"column":null}},"53":{"start":{"line":196,"column":18},"end":{"line":196,"column":null}},"54":{"start":{"line":197,"column":4},"end":{"line":207,"column":5}},"55":{"start":{"line":198,"column":6},"end":{"line":204,"column":null}},"56":{"start":{"line":206,"column":6},"end":{"line":206,"column":null}},"57":{"start":{"line":208,"column":4},"end":{"line":214,"column":5}},"58":{"start":{"line":209,"column":6},"end":{"line":211,"column":null}},"59":{"start":{"line":213,"column":6},"end":{"line":213,"column":null}},"60":{"start":{"line":215,"column":4},"end":{"line":215,"column":null}},"61":{"start":{"line":215,"column":43},"end":{"line":215,"column":58}},"62":{"start":{"line":218,"column":2},"end":{"line":392,"column":null}},"63":{"start":{"line":237,"column":14},"end":{"line":237,"column":null}},"64":{"start":{"line":239,"column":27},"end":{"line":239,"column":null}},"65":{"start":{"line":239,"column":57},"end":{"line":239,"column":62}},"66":{"start":{"line":247,"column":14},"end":{"line":247,"column":null}},"67":{"start":{"line":249,"column":27},"end":{"line":253,"column":null}},"68":{"start":{"line":249,"column":77},"end":{"line":252,"column":null}},"69":{"start":{"line":261,"column":29},"end":{"line":261,"column":null}},"70":{"start":{"line":275,"column":29},"end":{"line":275,"column":null}},"71":{"start":{"line":290,"column":29},"end":{"line":290,"column":null}},"72":{"start":{"line":307,"column":32},"end":{"line":307,"column":null}},"73":{"start":{"line":312,"column":31},"end":{"line":312,"column":null}},"74":{"start":{"line":326,"column":31},"end":{"line":326,"column":null}},"75":{"start":{"line":340,"column":31},"end":{"line":340,"column":null}},"76":{"start":{"line":358,"column":29},"end":{"line":358,"column":null}},"77":{"start":{"line":373,"column":33},"end":{"line":373,"column":null}},"78":{"start":{"line":382,"column":29},"end":{"line":382,"column":null}}},"fnMap":{"0":{"name":"(anonymous_0)","decl":{"start":{"line":36,"column":19},"end":{"line":36,"column":20}},"loc":{"start":{"line":36,"column":76},"end":{"line":394,"column":null}},"line":36},"1":{"name":"(anonymous_1)","decl":{"start":{"line":81,"column":12},"end":{"line":81,"column":18}},"loc":{"start":{"line":81,"column":18},"end":{"line":91,"column":5}},"line":81},"2":{"name":"(anonymous_2)","decl":{"start":{"line":85,"column":17},"end":{"line":85,"column":18}},"loc":{"start":{"line":85,"column":35},"end":{"line":89,"column":5}},"line":85},"3":{"name":"(anonymous_3)","decl":{"start":{"line":95,"column":35},"end":{"line":95,"column":null}},"loc":{"start":{"line":96,"column":69},"end":{"line":98,"column":null}},"line":96},"4":{"name":"(anonymous_4)","decl":{"start":{"line":101,"column":34},"end":{"line":101,"column":35}},"loc":{"start":{"line":101,"column":67},"end":{"line":103,"column":null}},"line":101},"5":{"name":"(anonymous_5)","decl":{"start":{"line":106,"column":12},"end":{"line":106,"column":18}},"loc":{"start":{"line":106,"column":18},"end":{"line":108,"column":5}},"line":106},"6":{"name":"(anonymous_6)","decl":{"start":{"line":112,"column":29},"end":{"line":112,"column":30}},"loc":{"start":{"line":112,"column":72},"end":{"line":118,"column":null}},"line":112},"7":{"name":"(anonymous_7)","decl":{"start":{"line":114,"column":23},"end":{"line":114,"column":24}},"loc":{"start":{"line":114,"column":49},"end":{"line":117,"column":null}},"line":114},"8":{"name":"(anonymous_8)","decl":{"start":{"line":121,"column":28},"end":{"line":121,"column":29}},"loc":{"start":{"line":121,"column":71},"end":{"line":126,"column":null}},"line":121},"9":{"name":"(anonymous_9)","decl":{"start":{"line":122,"column":23},"end":{"line":122,"column":24}},"loc":{"start":{"line":122,"column":49},"end":{"line":125,"column":null}},"line":122},"10":{"name":"(anonymous_10)","decl":{"start":{"line":129,"column":28},"end":{"line":129,"column":35}},"loc":{"start":{"line":129,"column":100},"end":{"line":131,"column":null}},"line":129},"11":{"name":"(anonymous_11)","decl":{"start":{"line":134,"column":28},"end":{"line":134,"column":null}},"loc":{"start":{"line":135,"column":56},"end":{"line":137,"column":null}},"line":135},"12":{"name":"(anonymous_12)","decl":{"start":{"line":140,"column":26},"end":{"line":140,"column":null}},"loc":{"start":{"line":141,"column":56},"end":{"line":143,"column":null}},"line":141},"13":{"name":"(anonymous_13)","decl":{"start":{"line":146,"column":26},"end":{"line":146,"column":null}},"loc":{"start":{"line":147,"column":56},"end":{"line":149,"column":null}},"line":147},"14":{"name":"(anonymous_14)","decl":{"start":{"line":152,"column":27},"end":{"line":152,"column":null}},"loc":{"start":{"line":153,"column":56},"end":{"line":155,"column":null}},"line":153},"15":{"name":"(anonymous_15)","decl":{"start":{"line":158,"column":25},"end":{"line":158,"column":null}},"loc":{"start":{"line":159,"column":56},"end":{"line":161,"column":null}},"line":159},"16":{"name":"(anonymous_16)","decl":{"start":{"line":164,"column":26},"end":{"line":164,"column":null}},"loc":{"start":{"line":165,"column":56},"end":{"line":167,"column":null}},"line":165},"17":{"name":"(anonymous_17)","decl":{"start":{"line":170,"column":29},"end":{"line":170,"column":30}},"loc":{"start":{"line":170,"column":51},"end":{"line":190,"column":null}},"line":170},"18":{"name":"(anonymous_18)","decl":{"start":{"line":171,"column":13},"end":{"line":171,"column":14}},"loc":{"start":{"line":171,"column":31},"end":{"line":179,"column":13}},"line":171},"19":{"name":"(anonymous_19)","decl":{"start":{"line":171,"column":40},"end":{"line":171,"column":41}},"loc":{"start":{"line":171,"column":62},"end":{"line":179,"column":12}},"line":171},"20":{"name":"(anonymous_20)","decl":{"start":{"line":181,"column":22},"end":{"line":181,"column":23}},"loc":{"start":{"line":181,"column":67},"end":{"line":188,"column":6}},"line":181},"21":{"name":"(anonymous_21)","decl":{"start":{"line":189,"column":19},"end":{"line":189,"column":20}},"loc":{"start":{"line":189,"column":38},"end":{"line":189,"column":43}},"line":189},"22":{"name":"(anonymous_22)","decl":{"start":{"line":193,"column":23},"end":{"line":193,"column":30}},"loc":{"start":{"line":193,"column":60},"end":{"line":216,"column":null}},"line":193},"23":{"name":"(anonymous_23)","decl":{"start":{"line":195,"column":49},"end":{"line":195,"column":50}},"loc":{"start":{"line":195,"column":65},"end":{"line":195,"column":79}},"line":195},"24":{"name":"(anonymous_24)","decl":{"start":{"line":215,"column":26},"end":{"line":215,"column":27}},"loc":{"start":{"line":215,"column":43},"end":{"line":215,"column":58}},"line":215},"25":{"name":"(anonymous_25)","decl":{"start":{"line":236,"column":29},"end":{"line":236,"column":30}},"loc":{"start":{"line":237,"column":14},"end":{"line":237,"column":null}},"line":237},"26":{"name":"(anonymous_26)","decl":{"start":{"line":239,"column":21},"end":{"line":239,"column":27}},"loc":{"start":{"line":239,"column":27},"end":{"line":239,"column":null}},"line":239},"27":{"name":"(anonymous_27)","decl":{"start":{"line":239,"column":38},"end":{"line":239,"column":39}},"loc":{"start":{"line":239,"column":57},"end":{"line":239,"column":62}},"line":239},"28":{"name":"(anonymous_28)","decl":{"start":{"line":246,"column":34},"end":{"line":246,"column":35}},"loc":{"start":{"line":247,"column":14},"end":{"line":247,"column":null}},"line":247},"29":{"name":"(anonymous_29)","decl":{"start":{"line":249,"column":21},"end":{"line":249,"column":27}},"loc":{"start":{"line":249,"column":27},"end":{"line":253,"column":null}},"line":249},"30":{"name":"(anonymous_30)","decl":{"start":{"line":249,"column":45},"end":{"line":249,"column":46}},"loc":{"start":{"line":249,"column":77},"end":{"line":252,"column":null}},"line":249},"31":{"name":"(anonymous_31)","decl":{"start":{"line":261,"column":22},"end":{"line":261,"column":23}},"loc":{"start":{"line":261,"column":29},"end":{"line":261,"column":null}},"line":261},"32":{"name":"(anonymous_32)","decl":{"start":{"line":275,"column":22},"end":{"line":275,"column":23}},"loc":{"start":{"line":275,"column":29},"end":{"line":275,"column":null}},"line":275},"33":{"name":"(anonymous_33)","decl":{"start":{"line":290,"column":22},"end":{"line":290,"column":23}},"loc":{"start":{"line":290,"column":29},"end":{"line":290,"column":null}},"line":290},"34":{"name":"(anonymous_34)","decl":{"start":{"line":307,"column":26},"end":{"line":307,"column":32}},"loc":{"start":{"line":307,"column":32},"end":{"line":307,"column":null}},"line":307},"35":{"name":"(anonymous_35)","decl":{"start":{"line":312,"column":24},"end":{"line":312,"column":25}},"loc":{"start":{"line":312,"column":31},"end":{"line":312,"column":null}},"line":312},"36":{"name":"(anonymous_36)","decl":{"start":{"line":326,"column":24},"end":{"line":326,"column":25}},"loc":{"start":{"line":326,"column":31},"end":{"line":326,"column":null}},"line":326},"37":{"name":"(anonymous_37)","decl":{"start":{"line":340,"column":24},"end":{"line":340,"column":25}},"loc":{"start":{"line":340,"column":31},"end":{"line":340,"column":null}},"line":340},"38":{"name":"(anonymous_38)","decl":{"start":{"line":358,"column":23},"end":{"line":358,"column":29}},"loc":{"start":{"line":358,"column":29},"end":{"line":358,"column":null}},"line":358},"39":{"name":"(anonymous_39)","decl":{"start":{"line":373,"column":21},"end":{"line":373,"column":33}},"loc":{"start":{"line":373,"column":33},"end":{"line":373,"column":null}},"line":373},"40":{"name":"(anonymous_40)","decl":{"start":{"line":382,"column":23},"end":{"line":382,"column":29}},"loc":{"start":{"line":382,"column":29},"end":{"line":382,"column":null}},"line":382}},"branchMap":{"0":{"loc":{"start":{"line":86,"column":6},"end":{"line":88,"column":null}},"type":"if","locations":[{"start":{"line":86,"column":6},"end":{"line":88,"column":null}},{"start":{},"end":{}}],"line":86},"1":{"loc":{"start":{"line":171,"column":62},"end":{"line":179,"column":12}},"type":"cond-expr","locations":[{"start":{"line":171,"column":79},"end":{"line":179,"column":8}},{"start":{"line":179,"column":8},"end":{"line":179,"column":12}}],"line":171},"2":{"loc":{"start":{"line":194,"column":4},"end":{"line":194,"column":null}},"type":"if","locations":[{"start":{"line":194,"column":4},"end":{"line":194,"column":null}},{"start":{},"end":{}}],"line":194},"3":{"loc":{"start":{"line":196,"column":4},"end":{"line":196,"column":null}},"type":"if","locations":[{"start":{"line":196,"column":4},"end":{"line":196,"column":null}},{"start":{},"end":{}}],"line":196},"4":{"loc":{"start":{"line":308,"column":46},"end":{"line":308,"column":80}},"type":"cond-expr","locations":[{"start":{"line":308,"column":58},"end":{"line":308,"column":70}},{"start":{"line":308,"column":70},"end":{"line":308,"column":80}}],"line":308},"5":{"loc":{"start":{"line":315,"column":48},"end":{"line":315,"column":75}},"type":"cond-expr","locations":[{"start":{"line":315,"column":60},"end":{"line":315,"column":69}},{"start":{"line":315,"column":69},"end":{"line":315,"column":75}}],"line":315},"6":{"loc":{"start":{"line":329,"column":46},"end":{"line":329,"column":73}},"type":"cond-expr","locations":[{"start":{"line":329,"column":58},"end":{"line":329,"column":67}},{"start":{"line":329,"column":67},"end":{"line":329,"column":73}}],"line":329},"7":{"loc":{"start":{"line":343,"column":47},"end":{"line":343,"column":74}},"type":"cond-expr","locations":[{"start":{"line":343,"column":59},"end":{"line":343,"column":68}},{"start":{"line":343,"column":68},"end":{"line":343,"column":74}}],"line":343},"8":{"loc":{"start":{"line":359,"column":54},"end":{"line":359,"column":81}},"type":"cond-expr","locations":[{"start":{"line":359,"column":66},"end":{"line":359,"column":75}},{"start":{"line":359,"column":75},"end":{"line":359,"column":81}}],"line":359},"9":{"loc":{"start":{"line":379,"column":11},"end":{"line":388,"column":null}},"type":"cond-expr","locations":[{"start":{"line":380,"column":12},"end":{"line":386,"column":null}},{"start":{"line":388,"column":12},"end":{"line":388,"column":null}}],"line":379}},"s":{"0":1,"1":23,"2":23,"3":23,"4":23,"5":23,"6":23,"7":23,"8":23,"9":17,"10":102,"11":0,"12":23,"13":2,"14":23,"15":15,"16":23,"17":15,"18":23,"19":0,"20":0,"21":0,"22":23,"23":0,"24":0,"25":23,"26":1,"27":23,"28":1,"29":23,"30":1,"31":23,"32":1,"33":23,"34":1,"35":23,"36":1,"37":23,"38":1,"39":23,"40":2,"41":0,"42":0,"43":2,"44":2,"45":2,"46":2,"47":23,"48":2,"49":0,"50":2,"51":2,"52":2,"53":1,"54":1,"55":1,"56":0,"57":1,"58":1,"59":0,"60":1,"61":1,"62":23,"63":1,"64":1,"65":1,"66":2,"67":2,"68":2,"69":1,"70":1,"71":1,"72":1,"73":1,"74":1,"75":1,"76":2,"77":2,"78":2},"f":{"0":23,"1":17,"2":102,"3":2,"4":15,"5":15,"6":0,"7":0,"8":0,"9":0,"10":1,"11":1,"12":1,"13":1,"14":1,"15":1,"16":1,"17":2,"18":0,"19":0,"20":2,"21":2,"22":2,"23":2,"24":1,"25":1,"26":1,"27":1,"28":2,"29":2,"30":2,"31":1,"32":1,"33":1,"34":1,"35":1,"36":1,"37":1,"38":2,"39":2,"40":2},"b":{"0":[0,102],"1":[0,0],"2":[0,2],"3":[1,1],"4":[2,21],"5":[2,21],"6":[2,21],"7":[2,21],"8":[2,21],"9":[21,2]},"meta":{"lastBranch":10,"lastFunction":41,"lastStatement":79,"seen":{"s:36:19:394:Infinity":0,"f:36:19:36:20":0,"s:38:42:45:Infinity":1,"s:47:44:55:Infinity":2,"s:58:28:58:Infinity":3,"s:60:32:60:Infinity":4,"s:63:42:66:Infinity":5,"s:69:36:69:Infinity":6,"s:72:15:79:Infinity":7,"s:81:2:91:Infinity":8,"f:81:12:81:18":1,"s:82:5:89:Infinity":9,"f:85:17:85:18":2,"b:86:6:88:Infinity:undefined:undefined:undefined:undefined":0,"s:86:6:88:Infinity":10,"s:87:8:87:Infinity":11,"s:95:35:98:Infinity":12,"f:95:35:95:Infinity":3,"s:97:6:97:Infinity":13,"s:101:34:103:Infinity":14,"f:101:34:101:35":4,"s:102:4:102:Infinity":15,"s:106:2:108:Infinity":16,"f:106:12:106:18":5,"s:107:4:107:Infinity":17,"s:112:29:118:Infinity":18,"f:112:29:112:30":6,"s:113:59:113:Infinity":19,"s:114:4:118:3":20,"f:114:23:114:24":7,"s:114:49:117:Infinity":21,"s:121:28:126:Infinity":22,"f:121:28:121:29":8,"s:122:4:126:3":23,"f:122:23:122:24":9,"s:122:49:125:Infinity":24,"s:129:28:131:Infinity":25,"f:129:28:129:35":10,"s:130:4:130:Infinity":26,"s:134:28:137:Infinity":27,"f:134:28:134:Infinity":11,"s:136:6:136:Infinity":28,"s:140:26:143:Infinity":29,"f:140:26:140:Infinity":12,"s:142:6:142:Infinity":30,"s:146:26:149:Infinity":31,"f:146:26:146:Infinity":13,"s:148:6:148:Infinity":32,"s:152:27:155:Infinity":33,"f:152:27:152:Infinity":14,"s:154:6:154:Infinity":34,"s:158:25:161:Infinity":35,"f:158:25:158:Infinity":15,"s:160:6:160:Infinity":36,"s:164:26:167:Infinity":37,"f:164:26:164:Infinity":16,"s:166:6:166:Infinity":38,"s:170:29:190:Infinity":39,"f:170:29:170:30":17,"s:171:4:179:Infinity":40,"f:171:13:171:14":18,"s:171:31:179:13":41,"f:171:40:171:41":19,"s:171:62:179:12":42,"b:171:79:179:8:179:8:179:12":1,"s:181:4:188:Infinity":43,"f:181:22:181:23":20,"s:181:67:188:6":44,"s:189:4:189:Infinity":45,"f:189:19:189:20":21,"s:189:38:189:43":46,"s:193:23:216:Infinity":47,"f:193:23:193:30":22,"b:194:4:194:Infinity:undefined:undefined:undefined:undefined":2,"s:194:4:194:Infinity":48,"s:194:20:194:Infinity":49,"s:195:38:195:Infinity":50,"f:195:49:195:50":23,"s:195:65:195:79":51,"b:196:4:196:Infinity:undefined:undefined:undefined:undefined":3,"s:196:4:196:Infinity":52,"s:196:18:196:Infinity":53,"s:197:4:207:5":54,"s:198:6:204:Infinity":55,"s:206:6:206:Infinity":56,"s:208:4:214:5":57,"s:209:6:211:Infinity":58,"s:213:6:213:Infinity":59,"s:215:4:215:Infinity":60,"f:215:26:215:27":24,"s:215:43:215:58":61,"s:218:2:392:Infinity":62,"f:236:29:236:30":25,"s:237:14:237:Infinity":63,"f:239:21:239:27":26,"s:239:27:239:Infinity":64,"f:239:38:239:39":27,"s:239:57:239:62":65,"f:246:34:246:35":28,"s:247:14:247:Infinity":66,"f:249:21:249:27":29,"s:249:27:253:Infinity":67,"f:249:45:249:46":30,"s:249:77:252:Infinity":68,"f:261:22:261:23":31,"s:261:29:261:Infinity":69,"f:275:22:275:23":32,"s:275:29:275:Infinity":70,"f:290:22:290:23":33,"s:290:29:290:Infinity":71,"f:307:26:307:32":34,"s:307:32:307:Infinity":72,"b:308:58:308:70:308:70:308:80":4,"f:312:24:312:25":35,"s:312:31:312:Infinity":73,"b:315:60:315:69:315:69:315:75":5,"f:326:24:326:25":36,"s:326:31:326:Infinity":74,"b:329:58:329:67:329:67:329:73":6,"f:340:24:340:25":37,"s:340:31:340:Infinity":75,"b:343:59:343:68:343:68:343:74":7,"f:358:23:358:29":38,"s:358:29:358:Infinity":76,"b:359:66:359:75:359:75:359:81":8,"f:373:21:373:33":39,"s:373:33:373:Infinity":77,"b:380:12:386:Infinity:388:12:388:Infinity":9,"f:382:23:382:29":40,"s:382:29:382:Infinity":78}}}
,"/home/estebancat/Documents/virtual/best-todo/todo-list/vite-project/src/components/TodosList.tsx": {"path":"/home/estebancat/Documents/virtual/best-todo/todo-list/vite-project/src/components/TodosList.tsx","statementMap":{"0":{"start":{"line":6,"column":18},"end":{"line":25,"column":null}},"1":{"start":{"line":8,"column":10},"end":{"line":11,"column":null}},"2":{"start":{"line":8,"column":40},"end":{"line":9,"column":null}},"3":{"start":{"line":13,"column":4},"end":{"line":23,"column":null}},"4":{"start":{"line":16,"column":16},"end":{"line":21,"column":null}}},"fnMap":{"0":{"name":"(anonymous_0)","decl":{"start":{"line":6,"column":18},"end":{"line":6,"column":19}},"loc":{"start":{"line":6,"column":79},"end":{"line":25,"column":null}},"line":6},"1":{"name":"(anonymous_1)","decl":{"start":{"line":8,"column":40},"end":{"line":8,"column":null}},"loc":{"start":{"line":8,"column":40},"end":{"line":9,"column":null}},"line":8},"2":{"name":"(anonymous_2)","decl":{"start":{"line":15,"column":30},"end":{"line":15,"column":31}},"loc":{"start":{"line":16,"column":16},"end":{"line":21,"column":null}},"line":16}},"branchMap":{},"s":{"0":1,"1":2,"2":2,"3":2,"4":2},"f":{"0":2,"1":2,"2":2},"b":{},"meta":{"lastBranch":0,"lastFunction":3,"lastStatement":5,"seen":{"s:6:18:25:Infinity":0,"f:6:18:6:19":0,"s:8:10:11:Infinity":1,"f:8:40:8:Infinity":1,"s:8:40:9:Infinity":2,"s:13:4:23:Infinity":3,"f:15:30:15:31":2,"s:16:16:21:Infinity":4}}}
,"/home/estebancat/Documents/virtual/best-todo/todo-list/vite-project/src/components/subcomponents/CheckDay.tsx": {"path":"/home/estebancat/Documents/virtual/best-todo/todo-list/vite-project/src/components/subcomponents/CheckDay.tsx","statementMap":{"0":{"start":{"line":5,"column":17},"end":{"line":39,"column":null}},"1":{"start":{"line":12,"column":4},"end":{"line":37,"column":null}}},"fnMap":{"0":{"name":"(anonymous_0)","decl":{"start":{"line":5,"column":17},"end":{"line":5,"column":18}},"loc":{"start":{"line":11,"column":37},"end":{"line":39,"column":null}},"line":11}},"branchMap":{"0":{"loc":{"start":{"line":14,"column":13},"end":{"line":35,"column":null}},"type":"cond-expr","locations":[{"start":{"line":15,"column":16},"end":{"line":27,"column":null}},{"start":{"line":29,"column":16},"end":{"line":35,"column":null}}],"line":14}},"s":{"0":3,"1":28},"f":{"0":28},"b":{"0":[4,24]},"meta":{"lastBranch":1,"lastFunction":1,"lastStatement":2,"seen":{"s:5:17:39:Infinity":0,"f:5:17:5:18":0,"s:12:4:37:Infinity":1,"b:15:16:27:Infinity:29:16:35:Infinity":0}}}
,"/home/estebancat/Documents/virtual/best-todo/todo-list/vite-project/src/components/subcomponents/CheckboxComp.tsx": {"path":"/home/estebancat/Documents/virtual/best-todo/todo-list/vite-project/src/components/subcomponents/CheckboxComp.tsx","statementMap":{"0":{"start":{"line":5,"column":21},"end":{"line":19,"column":null}},"1":{"start":{"line":6,"column":4},"end":{"line":17,"column":null}},"2":{"start":{"line":13,"column":32},"end":{"line":13,"column":null}}},"fnMap":{"0":{"name":"(anonymous_0)","decl":{"start":{"line":5,"column":21},"end":{"line":5,"column":22}},"loc":{"start":{"line":5,"column":97},"end":{"line":19,"column":null}},"line":5},"1":{"name":"(anonymous_1)","decl":{"start":{"line":13,"column":26},"end":{"line":13,"column":32}},"loc":{"start":{"line":13,"column":32},"end":{"line":13,"column":null}},"line":13}},"branchMap":{},"s":{"0":3,"1":79,"2":10},"f":{"0":79,"1":10},"b":{},"meta":{"lastBranch":0,"lastFunction":2,"lastStatement":3,"seen":{"s:5:21:19:Infinity":0,"f:5:21:5:22":0,"s:6:4:17:Infinity":1,"f:13:26:13:32":1,"s:13:32:13:Infinity":2}}}
,"/home/estebancat/Documents/virtual/best-todo/todo-list/vite-project/src/components/subcomponents/DateCalendar.tsx": {"path":"/home/estebancat/Documents/virtual/best-todo/todo-list/vite-project/src/components/subcomponents/DateCalendar.tsx","statementMap":{"0":{"start":{"line":8,"column":21},"end":{"line":21,"column":null}},"1":{"start":{"line":10,"column":25},"end":{"line":12,"column":null}},"2":{"start":{"line":14,"column":4},"end":{"line":19,"column":null}}},"fnMap":{"0":{"name":"(anonymous_0)","decl":{"start":{"line":8,"column":21},"end":{"line":8,"column":22}},"loc":{"start":{"line":8,"column":57},"end":{"line":21,"column":null}},"line":8}},"branchMap":{},"s":{"0":2,"1":32,"2":32},"f":{"0":32},"b":{},"meta":{"lastBranch":0,"lastFunction":1,"lastStatement":3,"seen":{"s:8:21:21:Infinity":0,"f:8:21:8:22":0,"s:10:25:12:Infinity":1,"s:14:4:19:Infinity":2}}}
,"/home/estebancat/Documents/virtual/best-todo/todo-list/vite-project/src/components/subcomponents/EditableFields.tsx": {"path":"/home/estebancat/Documents/virtual/best-todo/todo-list/vite-project/src/components/subcomponents/EditableFields.tsx","statementMap":{"0":{"start":{"line":7,"column":6},"end":{"line":87,"column":null}},"1":{"start":{"line":25,"column":4},"end":{"line":85,"column":null}}},"fnMap":{"0":{"name":"(anonymous_0)","decl":{"start":{"line":10,"column":2},"end":{"line":10,"column":3}},"loc":{"start":{"line":23,"column":24},"end":{"line":87,"column":1}},"line":23}},"branchMap":{"0":{"loc":{"start":{"line":12,"column":4},"end":{"line":12,"column":null}},"type":"default-arg","locations":[{"start":{"line":12,"column":9},"end":{"line":12,"column":null}}],"line":12},"1":{"loc":{"start":{"line":34,"column":21},"end":{"line":65,"column":null}},"type":"cond-expr","locations":[{"start":{"line":35,"column":24},"end":{"line":53,"column":null}},{"start":{"line":55,"column":28},"end":{"line":65,"column":null}}],"line":34},"2":{"loc":{"start":{"line":35,"column":24},"end":{"line":53,"column":null}},"type":"cond-expr","locations":[{"start":{"line":36,"column":24},"end":{"line":44,"column":null}},{"start":{"line":46,"column":24},"end":{"line":53,"column":null}}],"line":35},"3":{"loc":{"start":{"line":55,"column":28},"end":{"line":65,"column":null}},"type":"cond-expr","locations":[{"start":{"line":56,"column":28},"end":{"line":56,"column":null}},{"start":{"line":57,"column":28},"end":{"line":65,"column":null}}],"line":55},"4":{"loc":{"start":{"line":57,"column":28},"end":{"line":65,"column":null}},"type":"cond-expr","locations":[{"start":{"line":58,"column":24},"end":{"line":63,"column":null}},{"start":{"line":65,"column":24},"end":{"line":65,"column":null}}],"line":57},"5":{"loc":{"start":{"line":75,"column":29},"end":{"line":78,"column":null}},"type":"cond-expr","locations":[{"start":{"line":76,"column":36},"end":{"line":76,"column":null}},{"start":{"line":78,"column":36},"end":{"line":78,"column":null}}],"line":75}},"s":{"0":2,"1":147},"f":{"0":147},"b":{"0":[147],"1":[3,144],"2":[1,2],"3":[2,142],"4":[25,117],"5":[3,144]},"meta":{"lastBranch":6,"lastFunction":1,"lastStatement":2,"seen":{"s:7:6:87:Infinity":0,"f:10:2:10:3":0,"b:12:9:12:Infinity":0,"s:25:4:85:Infinity":1,"b:35:24:53:Infinity:55:28:65:Infinity":1,"b:36:24:44:Infinity:46:24:53:Infinity":2,"b:56:28:56:Infinity:57:28:65:Infinity":3,"b:58:24:63:Infinity:65:24:65:Infinity":4,"b:76:36:76:Infinity:78:36:78:Infinity":5}}}
,"/home/estebancat/Documents/virtual/best-todo/todo-list/vite-project/src/components/subcomponents/InputComp.tsx": {"path":"/home/estebancat/Documents/virtual/best-todo/todo-list/vite-project/src/components/subcomponents/InputComp.tsx","statementMap":{"0":{"start":{"line":5,"column":18},"end":{"line":25,"column":null}},"1":{"start":{"line":14,"column":4},"end":{"line":23,"column":null}}},"fnMap":{"0":{"name":"(anonymous_0)","decl":{"start":{"line":5,"column":18},"end":{"line":5,"column":null}},"loc":{"start":{"line":13,"column":34},"end":{"line":25,"column":null}},"line":13}},"branchMap":{},"s":{"0":2,"1":106},"f":{"0":106},"b":{},"meta":{"lastBranch":0,"lastFunction":1,"lastStatement":2,"seen":{"s:5:18:25:Infinity":0,"f:5:18:5:Infinity":0,"s:14:4:23:Infinity":1}}}
,"/home/estebancat/Documents/virtual/best-todo/todo-list/vite-project/src/components/subcomponents/PriorityTodo.tsx": {"path":"/home/estebancat/Documents/virtual/best-todo/todo-list/vite-project/src/components/subcomponents/PriorityTodo.tsx","statementMap":{"0":{"start":{"line":5,"column":21},"end":{"line":38,"column":null}},"1":{"start":{"line":12,"column":4},"end":{"line":36,"column":null}}},"fnMap":{"0":{"name":"(anonymous_0)","decl":{"start":{"line":5,"column":21},"end":{"line":5,"column":22}},"loc":{"start":{"line":11,"column":33},"end":{"line":38,"column":null}},"line":11}},"branchMap":{"0":{"loc":{"start":{"line":14,"column":13},"end":{"line":34,"column":null}},"type":"cond-expr","locations":[{"start":{"line":15,"column":16},"end":{"line":26,"column":null}},{"start":{"line":28,"column":16},"end":{"line":34,"column":null}}],"line":14}},"s":{"0":2,"1":26},"f":{"0":26},"b":{"0":[4,22]},"meta":{"lastBranch":1,"lastFunction":1,"lastStatement":2,"seen":{"s:5:21:38:Infinity":0,"f:5:21:5:22":0,"s:12:4:36:Infinity":1,"b:15:16:26:Infinity:28:16:34:Infinity":0}}}
,"/home/estebancat/Documents/virtual/best-todo/todo-list/vite-project/src/hooks/useFetchDate.ts": {"path":"/home/estebancat/Documents/virtual/best-todo/todo-list/vite-project/src/hooks/useFetchDate.ts","statementMap":{"0":{"start":{"line":4,"column":28},"end":{"line":33,"column":null}},"1":{"start":{"line":6,"column":16},"end":{"line":6,"column":null}},"2":{"start":{"line":6,"column":39},"end":{"line":6,"column":null}},"3":{"start":{"line":8,"column":29},"end":{"line":17,"column":null}},"4":{"start":{"line":9,"column":24},"end":{"line":9,"column":null}},"5":{"start":{"line":10,"column":21},"end":{"line":10,"column":null}},"6":{"start":{"line":11,"column":22},"end":{"line":11,"column":null}},"7":{"start":{"line":12,"column":24},"end":{"line":12,"column":null}},"8":{"start":{"line":13,"column":21},"end":{"line":13,"column":null}},"9":{"start":{"line":14,"column":20},"end":{"line":14,"column":null}},"10":{"start":{"line":16,"column":8},"end":{"line":16,"column":null}},"11":{"start":{"line":19,"column":30},"end":{"line":19,"column":null}},"12":{"start":{"line":21,"column":4},"end":{"line":30,"column":null}},"13":{"start":{"line":22,"column":27},"end":{"line":24,"column":null}},"14":{"start":{"line":23,"column":12},"end":{"line":23,"column":null}},"15":{"start":{"line":26,"column":8},"end":{"line":26,"column":null}},"16":{"start":{"line":27,"column":35},"end":{"line":27,"column":null}},"17":{"start":{"line":28,"column":8},"end":{"line":28,"column":null}},"18":{"start":{"line":28,"column":27},"end":{"line":28,"column":null}},"19":{"start":{"line":32,"column":4},"end":{"line":32,"column":null}}},"fnMap":{"0":{"name":"(anonymous_0)","decl":{"start":{"line":4,"column":28},"end":{"line":4,"column":29}},"loc":{"start":{"line":4,"column":69},"end":{"line":33,"column":null}},"line":4},"1":{"name":"(anonymous_1)","decl":{"start":{"line":6,"column":16},"end":{"line":6,"column":17}},"loc":{"start":{"line":6,"column":39},"end":{"line":6,"column":null}},"line":6},"2":{"name":"(anonymous_2)","decl":{"start":{"line":8,"column":29},"end":{"line":8,"column":43}},"loc":{"start":{"line":8,"column":43},"end":{"line":17,"column":null}},"line":8},"3":{"name":"(anonymous_3)","decl":{"start":{"line":21,"column":14},"end":{"line":21,"column":20}},"loc":{"start":{"line":21,"column":20},"end":{"line":30,"column":7}},"line":21},"4":{"name":"(anonymous_4)","decl":{"start":{"line":22,"column":27},"end":{"line":22,"column":39}},"loc":{"start":{"line":22,"column":39},"end":{"line":24,"column":null}},"line":22},"5":{"name":"(anonymous_5)","decl":{"start":{"line":28,"column":15},"end":{"line":28,"column":27}},"loc":{"start":{"line":28,"column":27},"end":{"line":28,"column":null}},"line":28}},"branchMap":{},"s":{"0":1,"1":3,"2":36,"3":3,"4":9,"5":9,"6":9,"7":9,"8":9,"9":9,"10":9,"11":3,"12":3,"13":3,"14":6,"15":3,"16":3,"17":3,"18":3,"19":3},"f":{"0":3,"1":36,"2":9,"3":3,"4":6,"5":3},"b":{},"meta":{"lastBranch":0,"lastFunction":6,"lastStatement":20,"seen":{"s:4:28:33:Infinity":0,"f:4:28:4:29":0,"s:6:16:6:Infinity":1,"f:6:16:6:17":1,"s:6:39:6:Infinity":2,"s:8:29:17:Infinity":3,"f:8:29:8:43":2,"s:9:24:9:Infinity":4,"s:10:21:10:Infinity":5,"s:11:22:11:Infinity":6,"s:12:24:12:Infinity":7,"s:13:21:13:Infinity":8,"s:14:20:14:Infinity":9,"s:16:8:16:Infinity":10,"s:19:30:19:Infinity":11,"s:21:4:30:Infinity":12,"f:21:14:21:20":3,"s:22:27:24:Infinity":13,"f:22:27:22:39":4,"s:23:12:23:Infinity":14,"s:26:8:26:Infinity":15,"s:27:35:27:Infinity":16,"s:28:8:28:Infinity":17,"f:28:15:28:27":5,"s:28:27:28:Infinity":18,"s:32:4:32:Infinity":19}}}
,"/home/estebancat/Documents/virtual/best-todo/todo-list/vite-project/src/utils/apiFunctions.ts": {"path":"/home/estebancat/Documents/virtual/best-todo/todo-list/vite-project/src/utils/apiFunctions.ts","statementMap":{"0":{"start":{"line":4,"column":31},"end":{"line":16,"column":null}},"1":{"start":{"line":5,"column":4},"end":{"line":15,"column":5}},"2":{"start":{"line":6,"column":8},"end":{"line":12,"column":null}},"3":{"start":{"line":14,"column":8},"end":{"line":14,"column":null}},"4":{"start":{"line":19,"column":26},"end":{"line":31,"column":null}},"5":{"start":{"line":20,"column":4},"end":{"line":30,"column":5}},"6":{"start":{"line":21,"column":8},"end":{"line":27,"column":null}},"7":{"start":{"line":29,"column":8},"end":{"line":29,"column":null}},"8":{"start":{"line":34,"column":30},"end":{"line":46,"column":null}},"9":{"start":{"line":35,"column":4},"end":{"line":45,"column":5}},"10":{"start":{"line":36,"column":8},"end":{"line":42,"column":null}},"11":{"start":{"line":44,"column":8},"end":{"line":44,"column":null}},"12":{"start":{"line":49,"column":28},"end":{"line":61,"column":null}},"13":{"start":{"line":50,"column":4},"end":{"line":60,"column":5}},"14":{"start":{"line":51,"column":8},"end":{"line":57,"column":null}},"15":{"start":{"line":59,"column":8},"end":{"line":59,"column":null}},"16":{"start":{"line":64,"column":28},"end":{"line":76,"column":null}},"17":{"start":{"line":65,"column":4},"end":{"line":75,"column":5}},"18":{"start":{"line":66,"column":8},"end":{"line":72,"column":null}},"19":{"start":{"line":74,"column":8},"end":{"line":74,"column":null}},"20":{"start":{"line":79,"column":31},"end":{"line":91,"column":null}},"21":{"start":{"line":80,"column":4},"end":{"line":90,"column":5}},"22":{"start":{"line":81,"column":8},"end":{"line":87,"column":null}},"23":{"start":{"line":89,"column":8},"end":{"line":89,"column":null}},"24":{"start":{"line":94,"column":29},"end":{"line":106,"column":null}},"25":{"start":{"line":95,"column":4},"end":{"line":105,"column":5}},"26":{"start":{"line":96,"column":8},"end":{"line":102,"column":null}},"27":{"start":{"line":104,"column":8},"end":{"line":104,"column":null}},"28":{"start":{"line":109,"column":27},"end":{"line":121,"column":null}},"29":{"start":{"line":110,"column":4},"end":{"line":120,"column":5}},"30":{"start":{"line":111,"column":8},"end":{"line":117,"column":null}},"31":{"start":{"line":119,"column":8},"end":{"line":119,"column":null}},"32":{"start":{"line":124,"column":28},"end":{"line":136,"column":null}},"33":{"start":{"line":125,"column":4},"end":{"line":135,"column":5}},"34":{"start":{"line":126,"column":8},"end":{"line":132,"column":null}},"35":{"start":{"line":134,"column":8},"end":{"line":134,"column":null}}},"fnMap":{"0":{"name":"(anonymous_0)","decl":{"start":{"line":4,"column":31},"end":{"line":4,"column":38}},"loc":{"start":{"line":4,"column":89},"end":{"line":16,"column":null}},"line":4},"1":{"name":"(anonymous_1)","decl":{"start":{"line":19,"column":26},"end":{"line":19,"column":33}},"loc":{"start":{"line":19,"column":79},"end":{"line":31,"column":null}},"line":19},"2":{"name":"(anonymous_2)","decl":{"start":{"line":34,"column":30},"end":{"line":34,"column":37}},"loc":{"start":{"line":34,"column":99},"end":{"line":46,"column":null}},"line":34},"3":{"name":"(anonymous_3)","decl":{"start":{"line":49,"column":28},"end":{"line":49,"column":35}},"loc":{"start":{"line":49,"column":97},"end":{"line":61,"column":null}},"line":49},"4":{"name":"(anonymous_4)","decl":{"start":{"line":64,"column":28},"end":{"line":64,"column":35}},"loc":{"start":{"line":64,"column":97},"end":{"line":76,"column":null}},"line":64},"5":{"name":"(anonymous_5)","decl":{"start":{"line":79,"column":31},"end":{"line":79,"column":38}},"loc":{"start":{"line":79,"column":88},"end":{"line":91,"column":null}},"line":79},"6":{"name":"(anonymous_6)","decl":{"start":{"line":94,"column":29},"end":{"line":94,"column":36}},"loc":{"start":{"line":94,"column":98},"end":{"line":106,"column":null}},"line":94},"7":{"name":"(anonymous_7)","decl":{"start":{"line":109,"column":27},"end":{"line":109,"column":34}},"loc":{"start":{"line":109,"column":96},"end":{"line":121,"column":null}},"line":109},"8":{"name":"(anonymous_8)","decl":{"start":{"line":124,"column":28},"end":{"line":124,"column":35}},"loc":{"start":{"line":124,"column":97},"end":{"line":136,"column":null}},"line":124}},"branchMap":{},"s":{"0":2,"1":2,"2":2,"3":1,"4":2,"5":2,"6":2,"7":1,"8":2,"9":2,"10":2,"11":1,"12":2,"13":2,"14":2,"15":1,"16":2,"17":2,"18":2,"19":1,"20":2,"21":2,"22":2,"23":1,"24":2,"25":2,"26":2,"27":1,"28":2,"29":2,"30":2,"31":1,"32":2,"33":2,"34":2,"35":1},"f":{"0":2,"1":2,"2":2,"3":2,"4":2,"5":2,"6":2,"7":2,"8":2},"b":{},"meta":{"lastBranch":0,"lastFunction":9,"lastStatement":36,"seen":{"s:4:31:16:Infinity":0,"f:4:31:4:38":0,"s:5:4:15:5":1,"s:6:8:12:Infinity":2,"s:14:8:14:Infinity":3,"s:19:26:31:Infinity":4,"f:19:26:19:33":1,"s:20:4:30:5":5,"s:21:8:27:Infinity":6,"s:29:8:29:Infinity":7,"s:34:30:46:Infinity":8,"f:34:30:34:37":2,"s:35:4:45:5":9,"s:36:8:42:Infinity":10,"s:44:8:44:Infinity":11,"s:49:28:61:Infinity":12,"f:49:28:49:35":3,"s:50:4:60:5":13,"s:51:8:57:Infinity":14,"s:59:8:59:Infinity":15,"s:64:28:76:Infinity":16,"f:64:28:64:35":4,"s:65:4:75:5":17,"s:66:8:72:Infinity":18,"s:74:8:74:Infinity":19,"s:79:31:91:Infinity":20,"f:79:31:79:38":5,"s:80:4:90:5":21,"s:81:8:87:Infinity":22,"s:89:8:89:Infinity":23,"s:94:29:106:Infinity":24,"f:94:29:94:36":6,"s:95:4:105:5":25,"s:96:8:102:Infinity":26,"s:104:8:104:Infinity":27,"s:109:27:121:Infinity":28,"f:109:27:109:34":7,"s:110:4:120:5":29,"s:111:8:117:Infinity":30,"s:119:8:119:Infinity":31,"s:124:28:136:Infinity":32,"f:124:28:124:35":8,"s:125:4:135:5":33,"s:126:8:132:Infinity":34,"s:134:8:134:Infinity":35}}}
,"/home/estebancat/Documents/virtual/best-todo/todo-list/vite-project/src/utils/dateUtils.ts": {"path":"/home/estebancat/Documents/virtual/best-todo/todo-list/vite-project/src/utils/dateUtils.ts","statementMap":{"0":{"start":{"line":1,"column":25},"end":{"line":5,"column":null}},"1":{"start":{"line":2,"column":23},"end":{"line":2,"column":null}},"2":{"start":{"line":3,"column":31},"end":{"line":3,"column":null}},"3":{"start":{"line":4,"column":4},"end":{"line":4,"column":null}},"4":{"start":{"line":7,"column":32},"end":{"line":19,"column":null}},"5":{"start":{"line":8,"column":17},"end":{"line":8,"column":null}},"6":{"start":{"line":9,"column":4},"end":{"line":9,"column":null}},"7":{"start":{"line":11,"column":4},"end":{"line":11,"column":null}},"8":{"start":{"line":12,"column":18},"end":{"line":12,"column":null}},"9":{"start":{"line":14,"column":4},"end":{"line":17,"column":null}},"10":{"start":{"line":21,"column":27},"end":{"line":30,"column":null}},"11":{"start":{"line":22,"column":19},"end":{"line":22,"column":null}},"12":{"start":{"line":23,"column":4},"end":{"line":23,"column":null}},"13":{"start":{"line":25,"column":4},"end":{"line":29,"column":null}},"14":{"start":{"line":26,"column":18},"end":{"line":26,"column":null}},"15":{"start":{"line":27,"column":8},"end":{"line":27,"column":null}},"16":{"start":{"line":28,"column":8},"end":{"line":28,"column":null}},"17":{"start":{"line":32,"column":25},"end":{"line":38,"column":null}},"18":{"start":{"line":33,"column":4},"end":{"line":36,"column":null}}},"fnMap":{"0":{"name":"(anonymous_0)","decl":{"start":{"line":1,"column":25},"end":{"line":1,"column":26}},"loc":{"start":{"line":1,"column":53},"end":{"line":5,"column":null}},"line":1},"1":{"name":"(anonymous_1)","decl":{"start":{"line":7,"column":32},"end":{"line":7,"column":33}},"loc":{"start":{"line":7,"column":56},"end":{"line":19,"column":null}},"line":7},"2":{"name":"(anonymous_2)","decl":{"start":{"line":21,"column":27},"end":{"line":21,"column":28}},"loc":{"start":{"line":21,"column":51},"end":{"line":30,"column":null}},"line":21},"3":{"name":"(anonymous_3)","decl":{"start":{"line":25,"column":37},"end":{"line":25,"column":38}},"loc":{"start":{"line":25,"column":47},"end":{"line":29,"column":5}},"line":25},"4":{"name":"(anonymous_4)","decl":{"start":{"line":32,"column":25},"end":{"line":32,"column":26}},"loc":{"start":{"line":32,"column":58},"end":{"line":38,"column":null}},"line":32}},"branchMap":{"0":{"loc":{"start":{"line":34,"column":8},"end":{"line":36,"column":null}},"type":"binary-expr","locations":[{"start":{"line":34,"column":8},"end":{"line":34,"column":null}},{"start":{"line":35,"column":8},"end":{"line":35,"column":null}},{"start":{"line":36,"column":8},"end":{"line":36,"column":null}}],"line":34}},"s":{"0":1,"1":1,"2":1,"3":1,"4":1,"5":1,"6":1,"7":1,"8":1,"9":1,"10":1,"11":1,"12":1,"13":1,"14":5,"15":5,"16":5,"17":1,"18":2},"f":{"0":1,"1":1,"2":1,"3":5,"4":2},"b":{"0":[2,2,2]},"meta":{"lastBranch":1,"lastFunction":5,"lastStatement":19,"seen":{"s:1:25:5:Infinity":0,"f:1:25:1:26":0,"s:2:23:2:Infinity":1,"s:3:31:3:Infinity":2,"s:4:4:4:Infinity":3,"s:7:32:19:Infinity":4,"f:7:32:7:33":1,"s:8:17:8:Infinity":5,"s:9:4:9:Infinity":6,"s:11:4:11:Infinity":7,"s:12:18:12:Infinity":8,"s:14:4:17:Infinity":9,"s:21:27:30:Infinity":10,"f:21:27:21:28":2,"s:22:19:22:Infinity":11,"s:23:4:23:Infinity":12,"s:25:4:29:Infinity":13,"f:25:37:25:38":3,"s:26:18:26:Infinity":14,"s:27:8:27:Infinity":15,"s:28:8:28:Infinity":16,"s:32:25:38:Infinity":17,"f:32:25:32:26":4,"s:33:4:36:Infinity":18,"b:34:8:34:Infinity:35:8:35:Infinity:36:8:36:Infinity":0}}}
[...]
c":{"start":{"line":61,"column":60},"end":{"line":69,"column":null}},"line":61},"4":{"name":"(anonymous_4)","decl":{"start":{"line":66,"column":55},"end":{"line":66,"column":56}},"loc":{"start":{"line":67,"column":12},"end":{"line":67,"column":null}},"line":67},"5":{"name":"(anonymous_5)","decl":{"start":{"line":72,"column":27},"end":{"line":72,"column":null}},"loc":{"start":{"line":75,"column":11},"end":{"line":101,"column":null}},"line":75},"6":{"name":"(anonymous_6)","decl":{"start":{"line":78,"column":30},"end":{"line":78,"column":31}},"loc":{"start":{"line":78,"column":62},"end":{"line":81,"column":14}},"line":78},"7":{"name":"(anonymous_7)","decl":{"start":{"line":84,"column":30},"end":{"line":84,"column":31}},"loc":{"start":{"line":84,"column":62},"end":{"line":87,"column":14}},"line":84},"8":{"name":"(anonymous_8)","decl":{"start":{"line":90,"column":30},"end":{"line":90,"column":31}},"loc":{"start":{"line":90,"column":62},"end":{"line":93,"column":14}},"line":90},"9":{"name":"(anonymous_9)","decl":{"start":{"line":96,"column":30},"end":{"line":96,"column":31}},"loc":{"start":{"line":96,"column":62},"end":{"line":99,"column":14}},"line":96}},"branchMap":{"0":{"loc":{"start":{"line":32,"column":8},"end":{"line":34,"column":9}},"type":"if","locations":[{"start":{"line":32,"column":8},"end":{"line":34,"column":9}},{"start":{},"end":{}}],"line":32},"1":{"loc":{"start":{"line":32,"column":12},"end":{"line":32,"column":46}},"type":"binary-expr","locations":[{"start":{"line":32,"column":12},"end":{"line":32,"column":30}},{"start":{"line":32,"column":30},"end":{"line":32,"column":46}}],"line":32},"2":{"loc":{"start":{"line":40,"column":8},"end":{"line":42,"column":9}},"type":"if","locations":[{"start":{"line":40,"column":8},"end":{"line":42,"column":9}},{"start":{},"end":{}}],"line":40},"3":{"loc":{"start":{"line":48,"column":8},"end":{"line":50,"column":9}},"type":"if","locations":[{"start":{"line":48,"column":8},"end":{"line":50,"column":9}},{"start":{},"end":{}}],"line":48},"4":{"loc":{"start":{"line":76,"column":4},"end":{"line":100,"column":null}},"type":"switch","locations":[{"start":{"line":77,"column":8},"end":{"line":82,"column":null}},{"start":{"line":83,"column":8},"end":{"line":88,"column":null}},{"start":{"line":89,"column":8},"end":{"line":94,"column":null}},{"start":{"line":95,"column":8},"end":{"line":99,"column":null}}],"line":76}},"s":{"0":2,"1":2,"2":2,"3":4,"4":4,"5":4,"6":4,"7":2,"8":5,"9":6,"10":1,"11":5,"12":5,"13":1,"14":4,"15":4,"16":2,"17":2,"18":2,"19":2,"20":2,"21":7,"22":7,"23":6,"24":2,"25":4,"26":1,"27":1,"28":1,"29":1,"30":1,"31":1,"32":1,"33":1,"34":1,"35":1,"36":1},"f":{"0":4,"1":5,"2":6,"3":7,"4":6,"5":4,"6":1,"7":1,"8":1,"9":1},"b":{"0":[1,5],"1":[6,6],"2":[1,4],"3":[2,2],"4":[1,1,1,1]},"meta":{"lastBranch":5,"lastFunction":10,"lastStatement":37,"seen":{"s:5:46:9:Infinity":0,"s:12:49:18:Infinity":1,"s:20:28:27:Infinity":2,"f:20:28:20:29":0,"s:21:33:21:Infinity":3,"s:23:31:23:Infinity":4,"s:24:29:24:Infinity":5,"s:26:4:26:Infinity":6,"s:29:43:58:Infinity":7,"f:29:43:29:44":1,"s:30:4:57:Infinity":8,"f:30:27:30:28":2,"b:32:8:34:9:undefined:undefined:undefined:undefined":0,"s:32:8:34:9":9,"b:32:12:32:30:32:30:32:46":1,"s:33:12:33:Infinity":10,"s:38:12:38:Infinity":11,"b:40:8:42:9:undefined:undefined:undefined:undefined":2,"s:40:8:42:9":12,"s:41:12:41:Infinity":13,"s:46:12:46:Infinity":14,"b:48:8:50:9:undefined:undefined:undefined:undefined":3,"s:48:8:50:9":15,"s:49:12:49:Infinity":16,"s:53:31:53:Infinity":17,"s:54:31:54:Infinity":18,"s:56:8:56:Infinity":19,"s:61:33:69:Infinity":20,"f:61:33:61:34":3,"s:62:27:62:Infinity":21,"s:64:4:68:Infinity":22,"f:66:55:66:56":4,"s:67:12:67:Infinity":23,"s:72:27:101:Infinity":24,"f:72:27:72:Infinity":5,"b:77:8:82:Infinity:83:8:88:Infinity:89:8:94:Infinity:95:8:99:Infinity":4,"s:76:4:100:Infinity":25,"s:78:12:81:Infinity":26,"f:78:30:78:31":6,"s:78:62:81:14":27,"s:82:12:82:Infinity":28,"s:84:12:87:Infinity":29,"f:84:30:84:31":7,"s:84:62:87:14":30,"s:88:12:88:Infinity":31,"s:90:12:93:Infinity":32,"f:90:30:90:31":8,"s:90:62:93:14":33,"s:94:12:94:Infinity":34,"s:96:12:99:Infinity":35,"f:96:30:96:31":9,"s:96:62:99:14":36}}}
,"/home/estebancat/Documents/virtual/best-todo/todo-list/vite-project/src/utils/todoFunctions.ts": {"path":"/home/estebancat/Documents/virtual/best-todo/todo-list/vite-project/src/utils/todoFunctions.ts","statementMap":{"0":{"start":{"line":20,"column":36},"end":{"line":35,"column":null}},"1":{"start":{"line":26,"column":28},"end":{"line":26,"column":null}},"2":{"start":{"line":27,"column":8},"end":{"line":30,"column":null}},"3":{"start":{"line":27,"column":35},"end":{"line":30,"column":5}},"4":{"start":{"line":27,"column":60},"end":{"line":29,"column":null}},"5":{"start":{"line":31,"column":4},"end":{"line":31,"column":null}},"6":{"start":{"line":32,"column":4},"end":{"line":34,"column":null}},"7":{"start":{"line":32,"column":54},"end":{"line":34,"column":6}},"8":{"start":{"line":38,"column":29},"end":{"line":51,"column":null}},"9":{"start":{"line":44,"column":27},"end":{"line":44,"column":null}},"10":{"start":{"line":45,"column":4},"end":{"line":48,"column":null}},"11":{"start":{"line":45,"column":31},"end":{"line":48,"column":5}},"12":{"start":{"line":45,"column":56},"end":{"line":47,"column":null}},"13":{"start":{"line":49,"column":4},"end":{"line":49,"column":null}},"14":{"start":{"line":50,"column":4},"end":{"line":50,"column":null}},"15":{"start":{"line":50,"column":34},"end":{"line":50,"column":39}},"16":{"start":{"line":54,"column":29},"end":{"line":70,"column":null}},"17":{"start":{"line":60,"column":4},"end":{"line":60,"column":null}},"18":{"start":{"line":61,"column":4},"end":{"line":63,"column":null}},"19":{"start":{"line":61,"column":31},"end":{"line":63,"column":13}},"20":{"start":{"line":61,"column":56},"end":{"line":63,"column":12}},"21":{"start":{"line":65,"column":4},"end":{"line":65,"column":null}},"22":{"start":{"line":67,"column":4},"end":{"line":69,"column":null}},"23":{"start":{"line":67,"column":50},"end":{"line":69,"column":6}},"24":{"start":{"line":73,"column":27},"end":{"line":89,"column":null}},"25":{"start":{"line":79,"column":4},"end":{"line":79,"column":null}},"26":{"start":{"line":80,"column":4},"end":{"line":82,"column":null}},"27":{"start":{"line":80,"column":31},"end":{"line":82,"column":13}},"28":{"start":{"line":80,"column":56},"end":{"line":82,"column":12}},"29":{"start":{"line":84,"column":4},"end":{"line":84,"column":null}},"30":{"start":{"line":86,"column":4},"end":{"line":88,"column":null}},"31":{"start":{"line":86,"column":50},"end":{"line":88,"column":6}},"32":{"start":{"line":92,"column":27},"end":{"line":108,"column":null}},"33":{"start":{"line":98,"column":4},"end":{"line":98,"column":null}},"34":{"start":{"line":99,"column":4},"end":{"line":101,"column":null}},"35":{"start":{"line":99,"column":31},"end":{"line":101,"column":13}},"36":{"start":{"line":99,"column":56},"end":{"line":101,"column":12}},"37":{"start":{"line":103,"column":4},"end":{"line":103,"column":null}},"38":{"start":{"line":105,"column":4},"end":{"line":107,"column":null}},"39":{"start":{"line":105,"column":50},"end":{"line":107,"column":6}},"40":{"start":{"line":111,"column":28},"end":{"line":127,"column":null}},"41":{"start":{"line":117,"column":4},"end":{"line":117,"column":null}},"42":{"start":{"line":118,"column":4},"end":{"line":120,"column":null}},"43":{"start":{"line":118,"column":31},"end":{"line":120,"column":13}},"44":{"start":{"line":118,"column":56},"end":{"line":120,"column":12}},"45":{"start":{"line":122,"column":4},"end":{"line":122,"column":null}},"46":{"start":{"line":124,"column":4},"end":{"line":126,"column":null}},"47":{"start":{"line":124,"column":50},"end":{"line":126,"column":6}},"48":{"start":{"line":130,"column":26},"end":{"line":146,"column":null}},"49":{"start":{"line":136,"column":4},"end":{"line":136,"column":null}},"50":{"start":{"line":137,"column":4},"end":{"line":139,"column":null}},"51":{"start":{"line":137,"column":31},"end":{"line":139,"column":13}},"52":{"start":{"line":137,"column":56},"end":{"line":139,"column":12}},"53":{"start":{"line":141,"column":4},"end":{"line":141,"column":null}},"54":{"start":{"line":143,"column":4},"end":{"line":145,"column":null}},"55":{"start":{"line":143,"column":50},"end":{"line":145,"column":6}},"56":{"start":{"line":149,"column":27},"end":{"line":165,"column":null}},"57":{"start":{"line":155,"column":4},"end":{"line":155,"column":null}},"58":{"start":{"line":156,"column":4},"end":{"line":158,"column":null}},"59":{"start":{"line":156,"column":31},"end":{"line":158,"column":13}},"60":{"start":{"line":156,"column":56},"end":{"line":158,"column":12}},"61":{"start":{"line":160,"column":4},"end":{"line":160,"column":null}},"62":{"start":{"line":162,"column":4},"end":{"line":164,"column":null}},"63":{"start":{"line":162,"column":50},"end":{"line":164,"column":6}}},"fnMap":{"0":{"name":"(anonymous_0)","decl":{"start":{"line":20,"column":36},"end":{"line":20,"column":null}},"loc":{"start":{"line":25,"column":11},"end":{"line":35,"column":null}},"line":25},"1":{"name":"(anonymous_1)","decl":{"start":{"line":27,"column":17},"end":{"line":27,"column":18}},"loc":{"start":{"line":27,"column":35},"end":{"line":30,"column":5}},"line":27},"2":{"name":"(anonymous_2)","decl":{"start":{"line":27,"column":44},"end":{"line":27,"column":45}},"loc":{"start":{"line":27,"column":60},"end":{"line":29,"column":null}},"line":27},"3":{"name":"(anonymous_3)","decl":{"start":{"line":32,"column":22},"end":{"line":32,"column":23}},"loc":{"start":{"line":32,"column":54},"end":{"line":34,"column":6}},"line":32},"4":{"name":"(anonymous_4)","decl":{"start":{"line":38,"column":29},"end":{"line":38,"column":null}},"loc":{"start":{"line":43,"column":11},"end":{"line":51,"column":null}},"line":43},"5":{"name":"(anonymous_5)","decl":{"start":{"line":45,"column":13},"end":{"line":45,"column":14}},"loc":{"start":{"line":45,"column":31},"end":{"line":48,"column":5}},"line":45},"6":{"name":"(anonymous_6)","decl":{"start":{"line":45,"column":40},"end":{"line":45,"column":41}},"loc":{"start":{"line":45,"column":56},"end":{"line":47,"column":null}},"line":45},"7":{"name":"(anonymous_7)","decl":{"start":{"line":50,"column":15},"end":{"line":50,"column":16}},"loc":{"start":{"line":50,"column":34},"end":{"line":50,"column":39}},"line":50},"8":{"name":"(anonymous_8)","decl":{"start":{"line":54,"column":29},"end":{"line":54,"column":30}},"loc":{"start":{"line":59,"column":11},"end":{"line":70,"column":null}},"line":59},"9":{"name":"(anonymous_9)","decl":{"start":{"line":61,"column":13},"end":{"line":61,"column":14}},"loc":{"start":{"line":61,"column":31},"end":{"line":63,"column":13}},"line":61},"10":{"name":"(anonymous_10)","decl":{"start":{"line":61,"column":40},"end":{"line":61,"column":41}},"loc":{"start":{"line":61,"column":56},"end":{"line":63,"column":12}},"line":61},"11":{"name":"(anonymous_11)","decl":{"start":{"line":67,"column":22},"end":{"line":67,"column":23}},"loc":{"start":{"line":67,"column":50},"end":{"line":69,"column":6}},"line":67},"12":{"name":"(anonymous_12)","decl":{"start":{"line":73,"column":27},"end":{"line":73,"column":34}},"loc":{"start":{"line":78,"column":20},"end":{"line":89,"column":null}},"line":78},"13":{"name":"(anonymous_13)","decl":{"start":{"line":80,"column":13},"end":{"line":80,"column":14}},"loc":{"start":{"line":80,"column":31},"end":{"line":82,"column":13}},"line":80},"14":{"name":"(anonymous_14)","decl":{"start":{"line":80,"column":40},"end":{"line":80,"column":41}},"loc":{"start":{"line":80,"column":56},"end":{"line":82,"column":12}},"line":80},"15":{"name":"(anonymous_15)","decl":{"start":{"line":86,"column":22},"end":{"line":86,"column":23}},"loc":{"start":{"line":86,"column":50},"end":{"line":88,"column":6}},"line":86},"16":{"name":"(anonymous_16)","decl":{"start":{"line":92,"column":27},"end":{"line":92,"column":28}},"loc":{"start":{"line":97,"column":11},"end":{"line":108,"column":null}},"line":97},"17":{"name":"(anonymous_17)","decl":{"start":{"line":99,"column":13},"end":{"line":99,"column":14}},"loc":{"start":{"line":99,"column":31},"end":{"line":101,"column":13}},"line":99},"18":{"name":"(anonymous_18)","decl":{"start":{"line":99,"column":40},"end":{"line":99,"column":41}},"loc":{"start":{"line":99,"column":56},"end":{"line":101,"column":12}},"line":99},"19":{"name":"(anonymous_19)","decl":{"start":{"line":105,"column":22},"end":{"line":105,"column":23}},"loc":{"start":{"line":105,"column":50},"end":{"line":107,"column":6}},"line":105},"20":{"name":"(anonymous_20)","decl":{"start":{"line":111,"column":28},"end":{"line":111,"column":29}},"loc":{"start":{"line":116,"column":11},"end":{"line":127,"column":null}},"line":116},"21":{"name":"(anonymous_21)","decl":{"start":{"line":118,"column":13},"end":{"line":118,"column":14}},"loc":{"start":{"line":118,"column":31},"end":{"line":120,"column":13}},"line":118},"22":{"name":"(anonymous_22)","decl":{"start":{"line":118,"column":40},"end":{"line":118,"column":41}},"loc":{"start":{"line":118,"column":56},"end":{"line":120,"column":12}},"line":118},"23":{"name":"(anonymous_23)","decl":{"start":{"line":124,"column":22},"end":{"line":124,"column":23}},"loc":{"start":{"line":124,"column":50},"end":{"line":126,"column":6}},"line":124},"24":{"name":"(anonymous_24)","decl":{"start":{"line":130,"column":26},"end":{"line":130,"column":27}},"loc":{"start":{"line":135,"column":11},"end":{"line":146,"column":null}},"line":135},"25":{"name":"(anonymous_25)","decl":{"start":{"line":137,"column":13},"end":{"line":137,"column":14}},"loc":{"start":{"line":137,"column":31},"end":{"line":139,"column":13}},"line":137},"26":{"name":"(anonymous_26)","decl":{"start":{"line":137,"column":40},"end":{"line":137,"column":41}},"loc":{"start":{"line":137,"column":56},"end":{"line":139,"column":12}},"line":137},"27":{"name":"(anonymous_27)","decl":{"start":{"line":143,"column":22},"end":{"line":143,"column":23}},"loc":{"start":{"line":143,"column":50},"end":{"line":145,"column":6}},"line":143},"28":{"name":"(anonymous_28)","decl":{"start":{"line":149,"column":27},"end":{"line":149,"column":28}},"loc":{"start":{"line":154,"column":11},"end":{"line":165,"column":null}},"line":154},"29":{"name":"(anonymous_29)","decl":{"start":{"line":156,"column":13},"end":{"line":156,"column":14}},"loc":{"start":{"line":156,"column":31},"end":{"line":158,"column":13}},"line":156},"30":{"name":"(anonymous_30)","decl":{"start":{"line":156,"column":40},"end":{"line":156,"column":41}},"loc":{"start":{"line":156,"column":56},"end":{"line":158,"column":12}},"line":156},"31":{"name":"(anonymous_31)","decl":{"start":{"line":162,"column":22},"end":{"line":162,"column":23}},"loc":{"start":{"line":162,"column":50},"end":{"line":164,"column":6}},"line":162}},"branchMap":{"0":{"loc":{"start":{"line":27,"column":60},"end":{"line":29,"column":null}},"type":"cond-expr","locations":[{"start":{"line":27,"column":77},"end":{"line":29,"column":12}},{"start":{"line":29,"column":12},"end":{"line":29,"column":null}}],"line":27},"1":{"loc":{"start":{"line":45,"column":56},"end":{"line":47,"column":null}},"type":"cond-expr","locations":[{"start":{"line":46,"column":10},"end":{"line":46,"column":null}},{"start":{"line":47,"column":10},"end":{"line":47,"column":null}}],"line":45},"2":{"loc":{"start":{"line":61,"column":56},"end":{"line":63,"column":12}},"type":"cond-expr","locations":[{"start":{"line":61,"column":73},"end":{"line":63,"column":8}},{"start":{"line":63,"column":8},"end":{"line":63,"column":12}}],"line":61},"3":{"loc":{"start":{"line":80,"column":56},"end":{"line":82,"column":12}},"type":"cond-expr","locations":[{"start":{"line":80,"column":73},"end":{"line":82,"column":8}},{"start":{"line":82,"column":8},"end":{"line":82,"column":12}}],"line":80},"4":{"loc":{"start":{"line":99,"column":56},"end":{"line":101,"column":12}},"type":"cond-expr","locations":[{"start":{"line":99,"column":73},"end":{"line":101,"column":8}},{"start":{"line":101,"column":8},"end":{"line":101,"column":12}}],"line":99},"5":{"loc":{"start":{"line":118,"column":56},"end":{"line":120,"column":12}},"type":"cond-expr","locations":[{"start":{"line":118,"column":73},"end":{"line":120,"column":8}},{"start":{"line":120,"column":8},"end":{"line":120,"column":12}}],"line":118},"6":{"loc":{"start":{"line":137,"column":56},"end":{"line":139,"column":12}},"type":"cond-expr","locations":[{"start":{"line":137,"column":73},"end":{"line":139,"column":8}},{"start":{"line":139,"column":8},"end":{"line":139,"column":12}}],"line":137},"7":{"loc":{"start":{"line":156,"column":56},"end":{"line":158,"column":12}},"type":"cond-expr","locations":[{"start":{"line":156,"column":73},"end":{"line":158,"column":8}},{"start":{"line":158,"column":8},"end":{"line":158,"column":12}}],"line":156}},"s":{"0":2,"1":3,"2":3,"3":3,"4":5,"5":3,"6":3,"7":1,"8":2,"9":3,"10":3,"11":3,"12":5,"13":3,"14":3,"15":1,"16":2,"17":3,"18":3,"19":3,"20":5,"21":3,"22":3,"23":1,"24":2,"25":3,"26":3,"27":3,"28":5,"29":3,"30":3,"31":1,"32":2,"33":2,"34":2,"35":3,"36":5,"37":2,"38":2,"39":1,"40":2,"41":3,"42":3,"43":3,"44":5,"45":3,"46":3,"47":1,"48":2,"49":2,"50":2,"51":3,"52":5,"53":2,"54":2,"55":1,"56":2,"57":2,"58":2,"59":3,"60":5,"61":2,"62":2,"63":1},"f":{"0":3,"1":3,"2":5,"3":1,"4":3,"5":3,"6":5,"7":1,"8":3,"9":3,"10":5,"11":1,"12":3,"13":3,"14":5,"15":1,"16":2,"17":3,"18":5,"19":1,"20":3,"21":3,"22":5,"23":1,"24":2,"25":3,"26":5,"27":1,"28":2,"29":3,"30":5,"31":1},"b":{"0":[3,2],"1":[3,2],"2":[3,2],"3":[3,2],"4":[3,2],"5":[3,2],"6":[3,2],"7":[3,2]},"meta":{"lastBranch":8,"lastFunction":32,"lastStatement":64,"seen":{"s:20:36:35:Infinity":0,"f:20:36:20:Infinity":0,"s:26:28:26:Infinity":1,"s:27:8:30:Infinity":2,"f:27:17:27:18":1,"s:27:35:30:5":3,"f:27:44:27:45":2,"s:27:60:29:Infinity":4,"b:27:77:29:12:29:12:29:Infinity":0,"s:31:4:31:Infinity":5,"s:32:4:34:Infinity":6,"f:32:22:32:23":3,"s:32:54:34:6":7,"s:38:29:51:Infinity":8,"f:38:29:38:Infinity":4,"s:44:27:44:Infinity":9,"s:45:4:48:Infinity":10,"f:45:13:45:14":5,"s:45:31:48:5":11,"f:45:40:45:41":6,"s:45:56:47:Infinity":12,"b:46:10:46:Infinity:47:10:47:Infinity":1,"s:49:4:49:Infinity":13,"s:50:4:50:Infinity":14,"f:50:15:50:16":7,"s:50:34:50:39":15,"s:54:29:70:Infinity":16,"f:54:29:54:30":8,"s:60:4:60:Infinity":17,"s:61:4:63:Infinity":18,"f:61:13:61:14":9,"s:61:31:63:13":19,"f:61:40:61:41":10,"s:61:56:63:12":20,"b:61:73:63:8:63:8:63:12":2,"s:65:4:65:Infinity":21,"s:67:4:69:Infinity":22,"f:67:22:67:23":11,"s:67:50:69:6":23,"s:73:27:89:Infinity":24,"f:73:27:73:34":12,"s:79:4:79:Infinity":25,"s:80:4:82:Infinity":26,"f:80:13:80:14":13,"s:80:31:82:13":27,"f:80:40:80:41":14,"s:80:56:82:12":28,"b:80:73:82:8:82:8:82:12":3,"s:84:4:84:Infinity":29,"s:86:4:88:Infinity":30,"f:86:22:86:23":15,"s:86:50:88:6":31,"s:92:27:108:Infinity":32,"f:92:27:92:28":16,"s:98:4:98:Infinity":33,"s:99:4:101:Infinity":34,"f:99:13:99:14":17,"s:99:31:101:13":35,"f:99:40:99:41":18,"s:99:56:101:12":36,"b:99:73:101:8:101:8:101:12":4,"s:103:4:103:Infinity":37,"s:105:4:107:Infinity":38,"f:105:22:105:23":19,"s:105:50:107:6":39,"s:111:28:127:Infinity":40,"f:111:28:111:29":20,"s:117:4:117:Infinity":41,"s:118:4:120:Infinity":42,"f:118:13:118:14":21,"s:118:31:120:13":43,"f:118:40:118:41":22,"s:118:56:120:12":44,"b:118:73:120:8:120:8:120:12":5,"s:122:4:122:Infinity":45,"s:124:4:126:Infinity":46,"f:124:22:124:23":23,"s:124:50:126:6":47,"s:130:26:146:Infinity":48,"f:130:26:130:27":24,"s:136:4:136:Infinity":49,"s:137:4:139:Infinity":50,"f:137:13:137:14":25,"s:137:31:139:13":51,"f:137:40:137:41":26,"s:137:56:139:12":52,"b:137:73:139:8:139:8:139:12":6,"s:141:4:141:Infinity":53,"s:143:4:145:Infinity":54,"f:143:22:143:23":27,"s:143:50:145:6":55,"s:149:27:165:Infinity":56,"f:149:27:149:28":28,"s:155:4:155:Infinity":57,"s:156:4:158:Infinity":58,"f:156:13:156:14":29,"s:156:31:158:13":59,"f:156:40:156:41":30,"s:156:56:158:12":60,"b:156:73:158:8:158:8:158:12":7,"s:160:4:160:Infinity":61,"s:162:4:164:Infinity":62,"f:162:22:162:23":31,"s:162:50:164:6":63}}}
}
